[2024-02-19 14:09:23] INFO: Reading from batchfile: batchfile.tsv
[2024-02-19 14:09:23] ERROR: The following 523 genomes have invalid paths specified in the batchfile:
[2024-02-19 14:09:23] INFO: /home/projects-wrighton/EMERGE/projects/methylated_amine_synthesis/Cross_site_methanogen_db/20100900_E1D_11	20100900_E1D_11.fna
[2024-02-19 14:09:23] INFO: /home/projects-wrighton/EMERGE/projects/methylated_amine_synthesis/Cross_site_methanogen_db/20100900_E1D_17	20100900_E1D_17.fna
[2024-02-19 14:09:23] INFO: /home/projects-wrighton/EMERGE/projects/methylated_amine_synthesis/Cross_site_methanogen_db/20100900_E1S_1	20100900_E1S_1.fna
[2024-02-19 14:09:23] INFO: /home/projects-wrighton/EMERGE/projects/methylated_amine_synthesis/Cross_site_methanogen_db/20100900_E2D_3	20100900_E2D_3.fna
[2024-02-19 14:09:23] INFO: /home/projects-wrighton/EMERGE/projects/methylated_amine_synthesis/Cross_site_methanogen_db/20100900_E3D_15	20100900_E3D_15.fna
[2024-02-19 14:09:23] INFO: /home/projects-wrighton/EMERGE/projects/methylated_amine_synthesis/Cross_site_methanogen_db/20100900_E3D_21	20100900_E3D_21.fna
[2024-02-19 14:09:23] INFO: /home/projects-wrighton/EMERGE/projects/methylated_amine_synthesis/Cross_site_methanogen_db/20100900_E3D_5	20100900_E3D_5.fna
[2024-02-19 14:09:23] INFO: /home/projects-wrighton/EMERGE/projects/methylated_amine_synthesis/Cross_site_methanogen_db/20100900_E3D_6	20100900_E3D_6.fna
[2024-02-19 14:09:23] INFO: /home/projects-wrighton/EMERGE/projects/methylated_amine_synthesis/Cross_site_methanogen_db/20110600_E1D_2	20110600_E1D_2.fna
[2024-02-19 14:09:23] INFO: /home/projects-wrighton/EMERGE/projects/methylated_amine_synthesis/Cross_site_methanogen_db/20110600_E2D_6	20110600_E2D_6.fna
[2024-02-19 14:09:23] INFO: /home/projects-wrighton/EMERGE/projects/methylated_amine_synthesis/Cross_site_methanogen_db/20110600_E3D_3	20110600_E3D_3.fna
[2024-02-19 14:09:23] INFO: /home/projects-wrighton/EMERGE/projects/methylated_amine_synthesis/Cross_site_methanogen_db/20110600_E3M_2	20110600_E3M_2.fna
[2024-02-19 14:09:23] INFO: /home/projects-wrighton/EMERGE/projects/methylated_amine_synthesis/Cross_site_methanogen_db/20110600_E3M_5	20110600_E3M_5.fna
[2024-02-19 14:09:23] INFO: /home/projects-wrighton/EMERGE/projects/methylated_amine_synthesis/Cross_site_methanogen_db/20110600_E3S_3	20110600_E3S_3.fna
[2024-02-19 14:09:23] INFO: /home/projects-wrighton/EMERGE/projects/methylated_amine_synthesis/Cross_site_methanogen_db/20110600_S2D_10	20110600_S2D_10.fna
[2024-02-19 14:09:23] INFO: /home/projects-wrighton/EMERGE/projects/methylated_amine_synthesis/Cross_site_methanogen_db/20110600_S3M_15	20110600_S3M_15.fna
[2024-02-19 14:09:23] INFO: /home/projects-wrighton/EMERGE/projects/methylated_amine_synthesis/Cross_site_methanogen_db/20110600_S3M_16	20110600_S3M_16.fna
[2024-02-19 14:09:23] INFO: /home/projects-wrighton/EMERGE/projects/methylated_amine_synthesis/Cross_site_methanogen_db/20110700_E1D_2	20110700_E1D_2.fna
[2024-02-19 14:09:23] INFO: /home/projects-wrighton/EMERGE/projects/methylated_amine_synthesis/Cross_site_methanogen_db/20110700_E1M_1	20110700_E1M_1.fna
[2024-02-19 14:09:23] INFO: /home/projects-wrighton/EMERGE/projects/methylated_amine_synthesis/Cross_site_methanogen_db/20110700_E2D_8	20110700_E2D_8.fna
[2024-02-19 14:09:23] INFO: /home/projects-wrighton/EMERGE/projects/methylated_amine_synthesis/Cross_site_methanogen_db/20110700_E2M_5	20110700_E2M_5.fna
[2024-02-19 14:09:23] INFO: /home/projects-wrighton/EMERGE/projects/methylated_amine_synthesis/Cross_site_methanogen_db/20110700_E3M_8	20110700_E3M_8.fna
[2024-02-19 14:09:23] INFO: /home/projects-wrighton/EMERGE/projects/methylated_amine_synthesis/Cross_site_methanogen_db/20110700_S2D_21	20110700_S2D_21.fna
[2024-02-19 14:09:23] INFO: /home/projects-wrighton/EMERGE/projects/methylated_amine_synthesis/Cross_site_methanogen_db/20110700_S2D_7	20110700_S2D_7.fna
[2024-02-19 14:09:23] INFO: /home/projects-wrighton/EMERGE/projects/methylated_amine_synthesis/Cross_site_methanogen_db/20110700_S2M_10	20110700_S2M_10.fna
[2024-02-19 14:09:23] INFO: /home/projects-wrighton/EMERGE/projects/methylated_amine_synthesis/Cross_site_methanogen_db/20110800_E1M_1	20110800_E1M_1.fna
[2024-02-19 14:09:23] INFO: /home/projects-wrighton/EMERGE/projects/methylated_amine_synthesis/Cross_site_methanogen_db/20110800_E1M_2	20110800_E1M_2.fna
[2024-02-19 14:09:23] INFO: /home/projects-wrighton/EMERGE/projects/methylated_amine_synthesis/Cross_site_methanogen_db/20110800_E1M_4	20110800_E1M_4.fna
[2024-02-19 14:09:23] INFO: /home/projects-wrighton/EMERGE/projects/methylated_amine_synthesis/Cross_site_methanogen_db/20110800_E1S_1	20110800_E1S_1.fna
[2024-02-19 14:09:23] INFO: /home/projects-wrighton/EMERGE/projects/methylated_amine_synthesis/Cross_site_methanogen_db/20110800_E1S_4	20110800_E1S_4.fna
[2024-02-19 14:09:23] INFO: /home/projects-wrighton/EMERGE/projects/methylated_amine_synthesis/Cross_site_methanogen_db/20110800_E1S_5	20110800_E1S_5.fna
[2024-02-19 14:09:23] INFO: /home/projects-wrighton/EMERGE/projects/methylated_amine_synthesis/Cross_site_methanogen_db/20110800_E1S_6	20110800_E1S_6.fna
[2024-02-19 14:09:23] INFO: /home/projects-wrighton/EMERGE/projects/methylated_amine_synthesis/Cross_site_methanogen_db/20110800_E2D_16	20110800_E2D_16.fna
[2024-02-19 14:09:23] INFO: /home/projects-wrighton/EMERGE/projects/methylated_amine_synthesis/Cross_site_methanogen_db/20110800_E2D_21	20110800_E2D_21.fna
[2024-02-19 14:09:23] INFO: /home/projects-wrighton/EMERGE/projects/methylated_amine_synthesis/Cross_site_methanogen_db/20110800_E2M_11	20110800_E2M_11.fna
[2024-02-19 14:09:23] INFO: /home/projects-wrighton/EMERGE/projects/methylated_amine_synthesis/Cross_site_methanogen_db/20110800_E2M_7	20110800_E2M_7.fna
[2024-02-19 14:09:23] INFO: /home/projects-wrighton/EMERGE/projects/methylated_amine_synthesis/Cross_site_methanogen_db/20110800_E2M_9	20110800_E2M_9.fna
[2024-02-19 14:09:23] INFO: /home/projects-wrighton/EMERGE/projects/methylated_amine_synthesis/Cross_site_methanogen_db/20110800_E2S_11	20110800_E2S_11.fna
[2024-02-19 14:09:23] INFO: /home/projects-wrighton/EMERGE/projects/methylated_amine_synthesis/Cross_site_methanogen_db/20110800_E2S_7	20110800_E2S_7.fna
[2024-02-19 14:09:23] INFO: /home/projects-wrighton/EMERGE/projects/methylated_amine_synthesis/Cross_site_methanogen_db/20110800_E2S_8	20110800_E2S_8.fna
[2024-02-19 14:09:23] INFO: /home/projects-wrighton/EMERGE/projects/methylated_amine_synthesis/Cross_site_methanogen_db/20110800_E2S_9	20110800_E2S_9.fna
[2024-02-19 14:09:23] INFO: /home/projects-wrighton/EMERGE/projects/methylated_amine_synthesis/Cross_site_methanogen_db/20110800_E3D_10	20110800_E3D_10.fna
[2024-02-19 14:09:23] INFO: /home/projects-wrighton/EMERGE/projects/methylated_amine_synthesis/Cross_site_methanogen_db/20110800_E3D_36	20110800_E3D_36.fna
[2024-02-19 14:09:23] INFO: /home/projects-wrighton/EMERGE/projects/methylated_amine_synthesis/Cross_site_methanogen_db/20110800_E3D_39	20110800_E3D_39.fna
[2024-02-19 14:09:23] INFO: /home/projects-wrighton/EMERGE/projects/methylated_amine_synthesis/Cross_site_methanogen_db/20110800_S1D_12	20110800_S1D_12.fna
[2024-02-19 14:09:23] INFO: /home/projects-wrighton/EMERGE/projects/methylated_amine_synthesis/Cross_site_methanogen_db/20110800_S1M_28	20110800_S1M_28.fna
[2024-02-19 14:09:23] INFO: /home/projects-wrighton/EMERGE/projects/methylated_amine_synthesis/Cross_site_methanogen_db/20110800_S2D_12	20110800_S2D_12.fna
[2024-02-19 14:09:23] INFO: /home/projects-wrighton/EMERGE/projects/methylated_amine_synthesis/Cross_site_methanogen_db/20110800_S2D_14	20110800_S2D_14.fna
[2024-02-19 14:09:23] INFO: /home/projects-wrighton/EMERGE/projects/methylated_amine_synthesis/Cross_site_methanogen_db/20110800_S2M_10	20110800_S2M_10.fna
[2024-02-19 14:09:23] INFO: /home/projects-wrighton/EMERGE/projects/methylated_amine_synthesis/Cross_site_methanogen_db/20110800_S3D_12	20110800_S3D_12.fna
[2024-02-19 14:09:23] INFO: /home/projects-wrighton/EMERGE/projects/methylated_amine_synthesis/Cross_site_methanogen_db/20110800_S3D_8	20110800_S3D_8.fna
[2024-02-19 14:09:23] INFO: /home/projects-wrighton/EMERGE/projects/methylated_amine_synthesis/Cross_site_methanogen_db/20110800_S3M_12	20110800_S3M_12.fna
[2024-02-19 14:09:23] INFO: /home/projects-wrighton/EMERGE/projects/methylated_amine_synthesis/Cross_site_methanogen_db/20111000_E2D_5	20111000_E2D_5.fna
[2024-02-19 14:09:23] INFO: /home/projects-wrighton/EMERGE/projects/methylated_amine_synthesis/Cross_site_methanogen_db/20111000_E3D_6	20111000_E3D_6.fna
[2024-02-19 14:09:23] INFO: /home/projects-wrighton/EMERGE/projects/methylated_amine_synthesis/Cross_site_methanogen_db/20111000_S2D_4	20111000_S2D_4.fna
[2024-02-19 14:09:23] INFO: /home/projects-wrighton/EMERGE/projects/methylated_amine_synthesis/Cross_site_methanogen_db/20120500_P19_2	20120500_P19_2.fna
[2024-02-19 14:09:23] INFO: /home/projects-wrighton/EMERGE/projects/methylated_amine_synthesis/Cross_site_methanogen_db/20120500_P28_13	20120500_P28_13.fna
[2024-02-19 14:09:23] INFO: /home/projects-wrighton/EMERGE/projects/methylated_amine_synthesis/Cross_site_methanogen_db/20120600_E1D_22	20120600_E1D_22.fna
[2024-02-19 14:09:23] INFO: /home/projects-wrighton/EMERGE/projects/methylated_amine_synthesis/Cross_site_methanogen_db/20120600_E1D_45	20120600_E1D_45.fna
[2024-02-19 14:09:23] INFO: /home/projects-wrighton/EMERGE/projects/methylated_amine_synthesis/Cross_site_methanogen_db/20120600_E1D_57	20120600_E1D_57.fna
[2024-02-19 14:09:23] INFO: /home/projects-wrighton/EMERGE/projects/methylated_amine_synthesis/Cross_site_methanogen_db/20120600_E1D_58	20120600_E1D_58.fna
[2024-02-19 14:09:23] INFO: /home/projects-wrighton/EMERGE/projects/methylated_amine_synthesis/Cross_site_methanogen_db/20120600_E2D_10	20120600_E2D_10.fna
[2024-02-19 14:09:23] INFO: /home/projects-wrighton/EMERGE/projects/methylated_amine_synthesis/Cross_site_methanogen_db/20120600_E2D_39	20120600_E2D_39.fna
[2024-02-19 14:09:23] INFO: /home/projects-wrighton/EMERGE/projects/methylated_amine_synthesis/Cross_site_methanogen_db/20120600_E2D_40	20120600_E2D_40.fna
[2024-02-19 14:09:23] INFO: /home/projects-wrighton/EMERGE/projects/methylated_amine_synthesis/Cross_site_methanogen_db/20120600_E2D_42	20120600_E2D_42.fna
[2024-02-19 14:09:23] INFO: /home/projects-wrighton/EMERGE/projects/methylated_amine_synthesis/Cross_site_methanogen_db/20120600_E2D_50	20120600_E2D_50.fna
[2024-02-19 14:09:23] INFO: /home/projects-wrighton/EMERGE/projects/methylated_amine_synthesis/Cross_site_methanogen_db/20120600_E2D_58	20120600_E2D_58.fna
[2024-02-19 14:09:23] INFO: /home/projects-wrighton/EMERGE/projects/methylated_amine_synthesis/Cross_site_methanogen_db/20120600_E3D_10	20120600_E3D_10.fna
[2024-02-19 14:09:23] INFO: /home/projects-wrighton/EMERGE/projects/methylated_amine_synthesis/Cross_site_methanogen_db/20120600_E3D_12	20120600_E3D_12.fna
[2024-02-19 14:09:23] INFO: /home/projects-wrighton/EMERGE/projects/methylated_amine_synthesis/Cross_site_methanogen_db/20120600_E3D_43	20120600_E3D_43.fna
[2024-02-19 14:09:23] INFO: /home/projects-wrighton/EMERGE/projects/methylated_amine_synthesis/Cross_site_methanogen_db/20120600_E3M_1	20120600_E3M_1.fna
[2024-02-19 14:09:23] INFO: /home/projects-wrighton/EMERGE/projects/methylated_amine_synthesis/Cross_site_methanogen_db/20120600_S2D_10	20120600_S2D_10.fna
[2024-02-19 14:09:23] INFO: /home/projects-wrighton/EMERGE/projects/methylated_amine_synthesis/Cross_site_methanogen_db/20120600_S2D_7	20120600_S2D_7.fna
[2024-02-19 14:09:23] INFO: /home/projects-wrighton/EMERGE/projects/methylated_amine_synthesis/Cross_site_methanogen_db/20120700_E1M_1	20120700_E1M_1.fna
[2024-02-19 14:09:23] INFO: /home/projects-wrighton/EMERGE/projects/methylated_amine_synthesis/Cross_site_methanogen_db/20120700_E1S_2	20120700_E1S_2.fna
[2024-02-19 14:09:23] INFO: /home/projects-wrighton/EMERGE/projects/methylated_amine_synthesis/Cross_site_methanogen_db/20120700_E1X_4	20120700_E1X_4.fna
[2024-02-19 14:09:23] INFO: /home/projects-wrighton/EMERGE/projects/methylated_amine_synthesis/Cross_site_methanogen_db/20120700_E2D_9	20120700_E2D_9.fna
[2024-02-19 14:09:23] INFO: /home/projects-wrighton/EMERGE/projects/methylated_amine_synthesis/Cross_site_methanogen_db/20120700_E3M_5	20120700_E3M_5.fna
[2024-02-19 14:09:23] INFO: /home/projects-wrighton/EMERGE/projects/methylated_amine_synthesis/Cross_site_methanogen_db/20120700_P3D_99	20120700_P3D_99.fna
[2024-02-19 14:09:23] INFO: /home/projects-wrighton/EMERGE/projects/methylated_amine_synthesis/Cross_site_methanogen_db/20120700_S1D_23	20120700_S1D_23.fna
[2024-02-19 14:09:23] INFO: /home/projects-wrighton/EMERGE/projects/methylated_amine_synthesis/Cross_site_methanogen_db/20120700_S1D_59	20120700_S1D_59.fna
[2024-02-19 14:09:23] INFO: /home/projects-wrighton/EMERGE/projects/methylated_amine_synthesis/Cross_site_methanogen_db/20120700_S1X_13	20120700_S1X_13.fna
[2024-02-19 14:09:23] INFO: /home/projects-wrighton/EMERGE/projects/methylated_amine_synthesis/Cross_site_methanogen_db/20120700_S2X_11	20120700_S2X_11.fna
[2024-02-19 14:09:23] INFO: /home/projects-wrighton/EMERGE/projects/methylated_amine_synthesis/Cross_site_methanogen_db/20120700_S3D_1	20120700_S3D_1.fna
[2024-02-19 14:09:23] INFO: /home/projects-wrighton/EMERGE/projects/methylated_amine_synthesis/Cross_site_methanogen_db/20120700_S3X_23	20120700_S3X_23.fna
[2024-02-19 14:09:23] INFO: /home/projects-wrighton/EMERGE/projects/methylated_amine_synthesis/Cross_site_methanogen_db/20120800_E1X_16	20120800_E1X_16.fna
[2024-02-19 14:09:23] INFO: /home/projects-wrighton/EMERGE/projects/methylated_amine_synthesis/Cross_site_methanogen_db/20120800_E1X_3	20120800_E1X_3.fna
[2024-02-19 14:09:23] INFO: /home/projects-wrighton/EMERGE/projects/methylated_amine_synthesis/Cross_site_methanogen_db/20120800_E1X_9	20120800_E1X_9.fna
[2024-02-19 14:09:23] INFO: /home/projects-wrighton/EMERGE/projects/methylated_amine_synthesis/Cross_site_methanogen_db/20120800_E2D_14	20120800_E2D_14.fna
[2024-02-19 14:09:23] INFO: /home/projects-wrighton/EMERGE/projects/methylated_amine_synthesis/Cross_site_methanogen_db/20120800_E2D_16	20120800_E2D_16.fna
[2024-02-19 14:09:23] INFO: /home/projects-wrighton/EMERGE/projects/methylated_amine_synthesis/Cross_site_methanogen_db/20120800_E2M_1	20120800_E2M_1.fna
[2024-02-19 14:09:23] INFO: /home/projects-wrighton/EMERGE/projects/methylated_amine_synthesis/Cross_site_methanogen_db/20120800_E2S_2	20120800_E2S_2.fna
[2024-02-19 14:09:23] INFO: /home/projects-wrighton/EMERGE/projects/methylated_amine_synthesis/Cross_site_methanogen_db/20120800_E2X_5	20120800_E2X_5.fna
[2024-02-19 14:09:23] INFO: /home/projects-wrighton/EMERGE/projects/methylated_amine_synthesis/Cross_site_methanogen_db/20120800_E3D_6	20120800_E3D_6.fna
[2024-02-19 14:09:23] INFO: /home/projects-wrighton/EMERGE/projects/methylated_amine_synthesis/Cross_site_methanogen_db/20120800_E3S_13	20120800_E3S_13.fna
[2024-02-19 14:09:23] INFO: /home/projects-wrighton/EMERGE/projects/methylated_amine_synthesis/Cross_site_methanogen_db/20120800_E3X_11	20120800_E3X_11.fna
[2024-02-19 14:09:23] INFO: /home/projects-wrighton/EMERGE/projects/methylated_amine_synthesis/Cross_site_methanogen_db/20120800_S1D_7	20120800_S1D_7.fna
[2024-02-19 14:09:23] INFO: /home/projects-wrighton/EMERGE/projects/methylated_amine_synthesis/Cross_site_methanogen_db/20120800_S1D_9	20120800_S1D_9.fna
[2024-02-19 14:09:23] INFO: /home/projects-wrighton/EMERGE/projects/methylated_amine_synthesis/Cross_site_methanogen_db/20120800_S1X_7	20120800_S1X_7.fna
[2024-02-19 14:09:23] INFO: /home/projects-wrighton/EMERGE/projects/methylated_amine_synthesis/Cross_site_methanogen_db/20120800_S2X_12	20120800_S2X_12.fna
[2024-02-19 14:09:23] INFO: /home/projects-wrighton/EMERGE/projects/methylated_amine_synthesis/Cross_site_methanogen_db/20130700_C1D_17	20130700_C1D_17.fna
[2024-02-19 14:09:23] INFO: /home/projects-wrighton/EMERGE/projects/methylated_amine_synthesis/Cross_site_methanogen_db/20130700_C1D_1	20130700_C1D_1.fna
[2024-02-19 14:09:23] INFO: /home/projects-wrighton/EMERGE/projects/methylated_amine_synthesis/Cross_site_methanogen_db/20130700_C1M_3	20130700_C1M_3.fna
[2024-02-19 14:09:23] INFO: /home/projects-wrighton/EMERGE/projects/methylated_amine_synthesis/Cross_site_methanogen_db/20130700_C2M_14	20130700_C2M_14.fna
[2024-02-19 14:09:23] INFO: /home/projects-wrighton/EMERGE/projects/methylated_amine_synthesis/Cross_site_methanogen_db/20130700_C2X_2	20130700_C2X_2.fna
[2024-02-19 14:09:23] INFO: /home/projects-wrighton/EMERGE/projects/methylated_amine_synthesis/Cross_site_methanogen_db/20130700_C2Y_3	20130700_C2Y_3.fna
[2024-02-19 14:09:23] INFO: /home/projects-wrighton/EMERGE/projects/methylated_amine_synthesis/Cross_site_methanogen_db/20130700_E1D_6	20130700_E1D_6.fna
[2024-02-19 14:09:23] INFO: /home/projects-wrighton/EMERGE/projects/methylated_amine_synthesis/Cross_site_methanogen_db/20130700_E1M_3	20130700_E1M_3.fna
[2024-02-19 14:09:23] INFO: /home/projects-wrighton/EMERGE/projects/methylated_amine_synthesis/Cross_site_methanogen_db/20130700_E1S_5	20130700_E1S_5.fna
[2024-02-19 14:09:23] INFO: /home/projects-wrighton/EMERGE/projects/methylated_amine_synthesis/Cross_site_methanogen_db/20130700_E1Y_15	20130700_E1Y_15.fna
[2024-02-19 14:09:23] INFO: /home/projects-wrighton/EMERGE/projects/methylated_amine_synthesis/Cross_site_methanogen_db/20130700_E1Z_12	20130700_E1Z_12.fna
[2024-02-19 14:09:23] INFO: /home/projects-wrighton/EMERGE/projects/methylated_amine_synthesis/Cross_site_methanogen_db/20130700_E2D_1	20130700_E2D_1.fna
[2024-02-19 14:09:23] INFO: /home/projects-wrighton/EMERGE/projects/methylated_amine_synthesis/Cross_site_methanogen_db/20130700_E2Z_10	20130700_E2Z_10.fna
[2024-02-19 14:09:23] INFO: /home/projects-wrighton/EMERGE/projects/methylated_amine_synthesis/Cross_site_methanogen_db/20130700_E3D_2	20130700_E3D_2.fna
[2024-02-19 14:09:23] INFO: /home/projects-wrighton/EMERGE/projects/methylated_amine_synthesis/Cross_site_methanogen_db/20130700_E3M_9	20130700_E3M_9.fna
[2024-02-19 14:09:23] INFO: /home/projects-wrighton/EMERGE/projects/methylated_amine_synthesis/Cross_site_methanogen_db/20130700_E3S_1	20130700_E3S_1.fna
[2024-02-19 14:09:23] INFO: /home/projects-wrighton/EMERGE/projects/methylated_amine_synthesis/Cross_site_methanogen_db/20130700_E3X_6	20130700_E3X_6.fna
[2024-02-19 14:09:23] INFO: /home/projects-wrighton/EMERGE/projects/methylated_amine_synthesis/Cross_site_methanogen_db/20130700_E3Y_11	20130700_E3Y_11.fna
[2024-02-19 14:09:23] INFO: /home/projects-wrighton/EMERGE/projects/methylated_amine_synthesis/Cross_site_methanogen_db/20130700_E3Z_4	20130700_E3Z_4.fna
[2024-02-19 14:09:23] INFO: /home/projects-wrighton/EMERGE/projects/methylated_amine_synthesis/Cross_site_methanogen_db/20130700_S1X_16	20130700_S1X_16.fna
[2024-02-19 14:09:23] INFO: /home/projects-wrighton/EMERGE/projects/methylated_amine_synthesis/Cross_site_methanogen_db/20130700_S1Y_7	20130700_S1Y_7.fna
[2024-02-19 14:09:23] INFO: /home/projects-wrighton/EMERGE/projects/methylated_amine_synthesis/Cross_site_methanogen_db/20130700_S1Z_1	20130700_S1Z_1.fna
[2024-02-19 14:09:23] INFO: /home/projects-wrighton/EMERGE/projects/methylated_amine_synthesis/Cross_site_methanogen_db/20130700_S2D_11	20130700_S2D_11.fna
[2024-02-19 14:09:23] INFO: /home/projects-wrighton/EMERGE/projects/methylated_amine_synthesis/Cross_site_methanogen_db/20130700_S2D_6	20130700_S2D_6.fna
[2024-02-19 14:09:23] INFO: /home/projects-wrighton/EMERGE/projects/methylated_amine_synthesis/Cross_site_methanogen_db/20130700_S2M_13	20130700_S2M_13.fna
[2024-02-19 14:09:23] INFO: /home/projects-wrighton/EMERGE/projects/methylated_amine_synthesis/Cross_site_methanogen_db/20130700_S2X_16	20130700_S2X_16.fna
[2024-02-19 14:09:23] INFO: /home/projects-wrighton/EMERGE/projects/methylated_amine_synthesis/Cross_site_methanogen_db/20130700_S2Y_2	20130700_S2Y_2.fna
[2024-02-19 14:09:23] INFO: /home/projects-wrighton/EMERGE/projects/methylated_amine_synthesis/Cross_site_methanogen_db/20130700_S3Z_2	20130700_S3Z_2.fna
[2024-02-19 14:09:23] INFO: /home/projects-wrighton/EMERGE/projects/methylated_amine_synthesis/Cross_site_methanogen_db/20140700_E12_1	20140700_E12_1.fna
[2024-02-19 14:09:23] INFO: /home/projects-wrighton/EMERGE/projects/methylated_amine_synthesis/Cross_site_methanogen_db/20140700_E14_1	20140700_E14_1.fna
[2024-02-19 14:09:23] INFO: /home/projects-wrighton/EMERGE/projects/methylated_amine_synthesis/Cross_site_methanogen_db/20140700_E14_5	20140700_E14_5.fna
[2024-02-19 14:09:23] INFO: /home/projects-wrighton/EMERGE/projects/methylated_amine_synthesis/Cross_site_methanogen_db/20140700_E14_6	20140700_E14_6.fna
[2024-02-19 14:09:23] INFO: /home/projects-wrighton/EMERGE/projects/methylated_amine_synthesis/Cross_site_methanogen_db/20140700_E15_9	20140700_E15_9.fna
[2024-02-19 14:09:23] INFO: /home/projects-wrighton/EMERGE/projects/methylated_amine_synthesis/Cross_site_methanogen_db/20140700_E22_3	20140700_E22_3.fna
[2024-02-19 14:09:23] INFO: /home/projects-wrighton/EMERGE/projects/methylated_amine_synthesis/Cross_site_methanogen_db/20140700_S14_12	20140700_S14_12.fna
[2024-02-19 14:09:23] INFO: /home/projects-wrighton/EMERGE/projects/methylated_amine_synthesis/Cross_site_methanogen_db/20140700_S14_9	20140700_S14_9.fna
[2024-02-19 14:09:23] INFO: /home/projects-wrighton/EMERGE/projects/methylated_amine_synthesis/Cross_site_methanogen_db/20140700_S15_15	20140700_S15_15.fna
[2024-02-19 14:09:23] INFO: /home/projects-wrighton/EMERGE/projects/methylated_amine_synthesis/Cross_site_methanogen_db/20140700_S15_5	20140700_S15_5.fna
[2024-02-19 14:09:23] INFO: /home/projects-wrighton/EMERGE/projects/methylated_amine_synthesis/Cross_site_methanogen_db/20140700_S16_17	20140700_S16_17.fna
[2024-02-19 14:09:23] INFO: /home/projects-wrighton/EMERGE/projects/methylated_amine_synthesis/Cross_site_methanogen_db/20140700_S24_10	20140700_S24_10.fna
[2024-02-19 14:09:23] INFO: /home/projects-wrighton/EMERGE/projects/methylated_amine_synthesis/Cross_site_methanogen_db/20140700_S26_5	20140700_S26_5.fna
[2024-02-19 14:09:23] INFO: /home/projects-wrighton/EMERGE/projects/methylated_amine_synthesis/Cross_site_methanogen_db/20140700_S36_12	20140700_S36_12.fna
[2024-02-19 14:09:23] INFO: /home/projects-wrighton/EMERGE/projects/methylated_amine_synthesis/Cross_site_methanogen_db/20150700_E11_1	20150700_E11_1.fna
[2024-02-19 14:09:23] INFO: /home/projects-wrighton/EMERGE/projects/methylated_amine_synthesis/Cross_site_methanogen_db/20150700_E15_21	20150700_E15_21.fna
[2024-02-19 14:09:23] INFO: /home/projects-wrighton/EMERGE/projects/methylated_amine_synthesis/Cross_site_methanogen_db/20150700_E24_3	20150700_E24_3.fna
[2024-02-19 14:09:23] INFO: /home/projects-wrighton/EMERGE/projects/methylated_amine_synthesis/Cross_site_methanogen_db/20150700_E25_6	20150700_E25_6.fna
[2024-02-19 14:09:23] INFO: /home/projects-wrighton/EMERGE/projects/methylated_amine_synthesis/Cross_site_methanogen_db/20150700_E33_3	20150700_E33_3.fna
[2024-02-19 14:09:23] INFO: /home/projects-wrighton/EMERGE/projects/methylated_amine_synthesis/Cross_site_methanogen_db/20150700_E34_2	20150700_E34_2.fna
[2024-02-19 14:09:23] INFO: /home/projects-wrighton/EMERGE/projects/methylated_amine_synthesis/Cross_site_methanogen_db/20150700_E35_11	20150700_E35_11.fna
[2024-02-19 14:09:23] INFO: /home/projects-wrighton/EMERGE/projects/methylated_amine_synthesis/Cross_site_methanogen_db/20150700_E35_3	20150700_E35_3.fna
[2024-02-19 14:09:23] INFO: /home/projects-wrighton/EMERGE/projects/methylated_amine_synthesis/Cross_site_methanogen_db/20150700_S14_13	20150700_S14_13.fna
[2024-02-19 14:09:23] INFO: /home/projects-wrighton/EMERGE/projects/methylated_amine_synthesis/Cross_site_methanogen_db/20150700_S14_7	20150700_S14_7.fna
[2024-02-19 14:09:23] INFO: /home/projects-wrighton/EMERGE/projects/methylated_amine_synthesis/Cross_site_methanogen_db/20150700_S15_14	20150700_S15_14.fna
[2024-02-19 14:09:23] INFO: /home/projects-wrighton/EMERGE/projects/methylated_amine_synthesis/Cross_site_methanogen_db/20150700_S15_2	20150700_S15_2.fna
[2024-02-19 14:09:23] INFO: /home/projects-wrighton/EMERGE/projects/methylated_amine_synthesis/Cross_site_methanogen_db/20150700_S24_16	20150700_S24_16.fna
[2024-02-19 14:09:23] INFO: /home/projects-wrighton/EMERGE/projects/methylated_amine_synthesis/Cross_site_methanogen_db/20150700_S24_3	20150700_S24_3.fna
[2024-02-19 14:09:23] INFO: /home/projects-wrighton/EMERGE/projects/methylated_amine_synthesis/Cross_site_methanogen_db/20150700_S25_13	20150700_S25_13.fna
[2024-02-19 14:09:23] INFO: /home/projects-wrighton/EMERGE/projects/methylated_amine_synthesis/Cross_site_methanogen_db/20150700_S25_6	20150700_S25_6.fna
[2024-02-19 14:09:23] INFO: /home/projects-wrighton/EMERGE/projects/methylated_amine_synthesis/Cross_site_methanogen_db/20150700_S34_6	20150700_S34_6.fna
[2024-02-19 14:09:23] INFO: /home/projects-wrighton/EMERGE/projects/methylated_amine_synthesis/Cross_site_methanogen_db/20150700_S35_10	20150700_S35_10.fna
[2024-02-19 14:09:23] INFO: /home/projects-wrighton/EMERGE/projects/methylated_amine_synthesis/Cross_site_methanogen_db/20160700_E13_2	20160700_E13_2.fna
[2024-02-19 14:09:23] INFO: /home/projects-wrighton/EMERGE/projects/methylated_amine_synthesis/Cross_site_methanogen_db/20160700_E14_4	20160700_E14_4.fna
[2024-02-19 14:09:23] INFO: /home/projects-wrighton/EMERGE/projects/methylated_amine_synthesis/Cross_site_methanogen_db/20160700_E15_6	20160700_E15_6.fna
[2024-02-19 14:09:23] INFO: /home/projects-wrighton/EMERGE/projects/methylated_amine_synthesis/Cross_site_methanogen_db/20160700_E25_10	20160700_E25_10.fna
[2024-02-19 14:09:23] INFO: /home/projects-wrighton/EMERGE/projects/methylated_amine_synthesis/Cross_site_methanogen_db/20160700_E25_17	20160700_E25_17.fna
[2024-02-19 14:09:23] INFO: /home/projects-wrighton/EMERGE/projects/methylated_amine_synthesis/Cross_site_methanogen_db/20160700_E25_7	20160700_E25_7.fna
[2024-02-19 14:09:23] INFO: /home/projects-wrighton/EMERGE/projects/methylated_amine_synthesis/Cross_site_methanogen_db/20160700_E33_8	20160700_E33_8.fna
[2024-02-19 14:09:23] INFO: /home/projects-wrighton/EMERGE/projects/methylated_amine_synthesis/Cross_site_methanogen_db/20160700_E34_1	20160700_E34_1.fna
[2024-02-19 14:09:23] INFO: /home/projects-wrighton/EMERGE/projects/methylated_amine_synthesis/Cross_site_methanogen_db/20160700_E35_8	20160700_E35_8.fna
[2024-02-19 14:09:23] INFO: /home/projects-wrighton/EMERGE/projects/methylated_amine_synthesis/Cross_site_methanogen_db/20160700_S15_10	20160700_S15_10.fna
[2024-02-19 14:09:23] INFO: /home/projects-wrighton/EMERGE/projects/methylated_amine_synthesis/Cross_site_methanogen_db/20160700_S25_1	20160700_S25_1.fna
[2024-02-19 14:09:23] INFO: /home/projects-wrighton/EMERGE/projects/methylated_amine_synthesis/Cross_site_methanogen_db/20160700_S34_15	20160700_S34_15.fna
[2024-02-19 14:09:23] INFO: /home/projects-wrighton/EMERGE/projects/methylated_amine_synthesis/Cross_site_methanogen_db/20160700_S35_7	20160700_S35_7.fna
[2024-02-19 14:09:23] INFO: /home/projects-wrighton/EMERGE/projects/methylated_amine_synthesis/Cross_site_methanogen_db/20170700_E14_9	20170700_E14_9.fna
[2024-02-19 14:09:23] INFO: /home/projects-wrighton/EMERGE/projects/methylated_amine_synthesis/Cross_site_methanogen_db/20170700_S25_41	20170700_S25_41.fna
[2024-02-19 14:09:23] INFO: /home/projects-wrighton/EMERGE/projects/methylated_amine_synthesis/Cross_site_methanogen_db/20170700_S33_15	20170700_S33_15.fna
[2024-02-19 14:09:23] INFO: /home/projects-wrighton/EMERGE/projects/methylated_amine_synthesis/Cross_site_methanogen_db/20170700_S33_16	20170700_S33_16.fna
[2024-02-19 14:09:23] INFO: /home/projects-wrighton/EMERGE/projects/methylated_amine_synthesis/Cross_site_methanogen_db/20170700_S34_22	20170700_S34_22.fna
[2024-02-19 14:09:23] INFO: /home/projects-wrighton/EMERGE/projects/methylated_amine_synthesis/Cross_site_methanogen_db/20170700_S35_11	20170700_S35_11.fna
[2024-02-19 14:09:23] INFO: /home/projects-wrighton/EMERGE/projects/methylated_amine_synthesis/Cross_site_methanogen_db/20170700_S35_20	20170700_S35_20.fna
[2024-02-19 14:09:23] INFO: /home/projects-wrighton/EMERGE/projects/methylated_amine_synthesis/Cross_site_methanogen_db/3300022524_5	3300022524_5.fna
[2024-02-19 14:09:23] INFO: /home/projects-wrighton/EMERGE/projects/methylated_amine_synthesis/Cross_site_methanogen_db/3300022830_3	3300022830_3.fna
[2024-02-19 14:09:23] INFO: /home/projects-wrighton/EMERGE/projects/methylated_amine_synthesis/Cross_site_methanogen_db/3300023088_11	3300023088_11.fna
[2024-02-19 14:09:23] INFO: /home/projects-wrighton/EMERGE/projects/methylated_amine_synthesis/Cross_site_methanogen_db/3300023090_6	3300023090_6.fna
[2024-02-19 14:09:23] INFO: /home/projects-wrighton/EMERGE/projects/methylated_amine_synthesis/Cross_site_methanogen_db/3300023101_11	3300023101_11.fna
[2024-02-19 14:09:23] INFO: /home/projects-wrighton/EMERGE/projects/methylated_amine_synthesis/Cross_site_methanogen_db/3300023248_8	3300023248_8.fna
[2024-02-19 14:09:23] INFO: /home/projects-wrighton/EMERGE/projects/methylated_amine_synthesis/Cross_site_methanogen_db/3300026368_3	3300026368_3.fna
[2024-02-19 14:09:23] INFO: /home/projects-wrighton/EMERGE/projects/methylated_amine_synthesis/Cross_site_methanogen_db/3300026451_4	3300026451_4.fna
[2024-02-19 14:09:23] INFO: /home/projects-wrighton/EMERGE/projects/methylated_amine_synthesis/Cross_site_methanogen_db/3300033798_7	3300033798_7.fna
[2024-02-19 14:09:23] INFO: /home/projects-wrighton/EMERGE/projects/methylated_amine_synthesis/Cross_site_methanogen_db/3300033827_7	3300033827_7.fna
[2024-02-19 14:09:23] INFO: /home/projects-wrighton/EMERGE/projects/methylated_amine_synthesis/Cross_site_methanogen_db/3300036377_3	3300036377_3.fna
[2024-02-19 14:09:23] INFO: /home/projects-wrighton/EMERGE/projects/methylated_amine_synthesis/Cross_site_methanogen_db/3300036385_3	3300036385_3.fna
[2024-02-19 14:09:23] INFO: /home/projects-wrighton/EMERGE/projects/methylated_amine_synthesis/Cross_site_methanogen_db/3300036417_4	3300036417_4.fna
[2024-02-19 14:09:23] INFO: /home/projects-wrighton/EMERGE/projects/methylated_amine_synthesis/Cross_site_methanogen_db/3300036436_3	3300036436_3.fna
[2024-02-19 14:09:23] INFO: /home/projects-wrighton/EMERGE/projects/methylated_amine_synthesis/Cross_site_methanogen_db/3300036494_4	3300036494_4.fna
[2024-02-19 14:09:23] INFO: /home/projects-wrighton/EMERGE/projects/methylated_amine_synthesis/Cross_site_methanogen_db/3300036495_5	3300036495_5.fna
[2024-02-19 14:09:23] INFO: /home/projects-wrighton/EMERGE/projects/methylated_amine_synthesis/Cross_site_methanogen_db/3300036787_8	3300036787_8.fna
[2024-02-19 14:09:23] INFO: /home/projects-wrighton/EMERGE/projects/methylated_amine_synthesis/Cross_site_methanogen_db/3300036879_12	3300036879_12.fna
[2024-02-19 14:09:23] INFO: /home/projects-wrighton/EMERGE/projects/methylated_amine_synthesis/Cross_site_methanogen_db/3300036880_13	3300036880_13.fna
[2024-02-19 14:09:23] INFO: /home/projects-wrighton/EMERGE/projects/methylated_amine_synthesis/Cross_site_methanogen_db/3300036884_20	3300036884_20.fna
[2024-02-19 14:09:23] INFO: /home/projects-wrighton/EMERGE/projects/methylated_amine_synthesis/Cross_site_methanogen_db/3300036885_13	3300036885_13.fna
[2024-02-19 14:09:23] INFO: /home/projects-wrighton/EMERGE/projects/methylated_amine_synthesis/Cross_site_methanogen_db/3300036885_20	3300036885_20.fna
[2024-02-19 14:09:23] INFO: /home/projects-wrighton/EMERGE/projects/methylated_amine_synthesis/Cross_site_methanogen_db/3300036886_19	3300036886_19.fna
[2024-02-19 14:09:23] INFO: /home/projects-wrighton/EMERGE/projects/methylated_amine_synthesis/Cross_site_methanogen_db/3300036888_7	3300036888_7.fna
[2024-02-19 14:09:23] INFO: /home/projects-wrighton/EMERGE/projects/methylated_amine_synthesis/Cross_site_methanogen_db/3300036889_12	3300036889_12.fna
[2024-02-19 14:09:23] INFO: /home/projects-wrighton/EMERGE/projects/methylated_amine_synthesis/Cross_site_methanogen_db/3300036889_8	3300036889_8.fna
[2024-02-19 14:09:23] INFO: /home/projects-wrighton/EMERGE/projects/methylated_amine_synthesis/Cross_site_methanogen_db/3300036906_9	3300036906_9.fna
[2024-02-19 14:09:23] INFO: /home/projects-wrighton/EMERGE/projects/methylated_amine_synthesis/Cross_site_methanogen_db/3300036907_5	3300036907_5.fna
[2024-02-19 14:09:23] INFO: /home/projects-wrighton/EMERGE/projects/methylated_amine_synthesis/Cross_site_methanogen_db/3300036908_9	3300036908_9.fna
[2024-02-19 14:09:23] INFO: /home/projects-wrighton/EMERGE/projects/methylated_amine_synthesis/Cross_site_methanogen_db/3300036912_8	3300036912_8.fna
[2024-02-19 14:09:23] INFO: /home/projects-wrighton/EMERGE/projects/methylated_amine_synthesis/Cross_site_methanogen_db/3300036913_14	3300036913_14.fna
[2024-02-19 14:09:23] INFO: /home/projects-wrighton/EMERGE/projects/methylated_amine_synthesis/Cross_site_methanogen_db/3300036914_5	3300036914_5.fna
[2024-02-19 14:09:23] INFO: /home/projects-wrighton/EMERGE/projects/methylated_amine_synthesis/Cross_site_methanogen_db/3300036929_10	3300036929_10.fna
[2024-02-19 14:09:23] INFO: /home/projects-wrighton/EMERGE/projects/methylated_amine_synthesis/Cross_site_methanogen_db/3300036931_14	3300036931_14.fna
[2024-02-19 14:09:23] INFO: /home/projects-wrighton/EMERGE/projects/methylated_amine_synthesis/Cross_site_methanogen_db/3300037049_11	3300037049_11.fna
[2024-02-19 14:09:23] INFO: /home/projects-wrighton/EMERGE/projects/methylated_amine_synthesis/Cross_site_methanogen_db/3300037060_10	3300037060_10.fna
[2024-02-19 14:09:23] INFO: /home/projects-wrighton/EMERGE/projects/methylated_amine_synthesis/Cross_site_methanogen_db/3300037061_9	3300037061_9.fna
[2024-02-19 14:09:23] INFO: /home/projects-wrighton/EMERGE/projects/methylated_amine_synthesis/Cross_site_methanogen_db/3300037062_11	3300037062_11.fna
[2024-02-19 14:09:23] INFO: /home/projects-wrighton/EMERGE/projects/methylated_amine_synthesis/Cross_site_methanogen_db/3300037062_13	3300037062_13.fna
[2024-02-19 14:09:23] INFO: /home/projects-wrighton/EMERGE/projects/methylated_amine_synthesis/Cross_site_methanogen_db/3300037065_11	3300037065_11.fna
[2024-02-19 14:09:23] INFO: /home/projects-wrighton/EMERGE/projects/methylated_amine_synthesis/Cross_site_methanogen_db/3300037065_9	3300037065_9.fna
[2024-02-19 14:09:23] INFO: /home/projects-wrighton/EMERGE/projects/methylated_amine_synthesis/Cross_site_methanogen_db/3300037084_9	3300037084_9.fna
[2024-02-19 14:09:23] INFO: /home/projects-wrighton/EMERGE/projects/methylated_amine_synthesis/Cross_site_methanogen_db/3300037087_20	3300037087_20.fna
[2024-02-19 14:09:23] INFO: /home/projects-wrighton/EMERGE/projects/methylated_amine_synthesis/Cross_site_methanogen_db/3300037089_14	3300037089_14.fna
[2024-02-19 14:09:23] INFO: /home/projects-wrighton/EMERGE/projects/methylated_amine_synthesis/Cross_site_methanogen_db/3300037101_6	3300037101_6.fna
[2024-02-19 14:09:23] INFO: /home/projects-wrighton/EMERGE/projects/methylated_amine_synthesis/Cross_site_methanogen_db/3300037102_11	3300037102_11.fna
[2024-02-19 14:09:23] INFO: /home/projects-wrighton/EMERGE/projects/methylated_amine_synthesis/Cross_site_methanogen_db/3300037103_10	3300037103_10.fna
[2024-02-19 14:09:23] INFO: /home/projects-wrighton/EMERGE/projects/methylated_amine_synthesis/Cross_site_methanogen_db/3300037104_19	3300037104_19.fna
[2024-02-19 14:09:23] INFO: /home/projects-wrighton/EMERGE/projects/methylated_amine_synthesis/Cross_site_methanogen_db/3300037104_21	3300037104_21.fna
[2024-02-19 14:09:23] INFO: /home/projects-wrighton/EMERGE/projects/methylated_amine_synthesis/Cross_site_methanogen_db/3300037106_11	3300037106_11.fna
[2024-02-19 14:09:23] INFO: /home/projects-wrighton/EMERGE/projects/methylated_amine_synthesis/Cross_site_methanogen_db/3300037106_12	3300037106_12.fna
[2024-02-19 14:09:23] INFO: /home/projects-wrighton/EMERGE/projects/methylated_amine_synthesis/Cross_site_methanogen_db/3300037161_7	3300037161_7.fna
[2024-02-19 14:09:23] INFO: /home/projects-wrighton/EMERGE/projects/methylated_amine_synthesis/Cross_site_methanogen_db/3300037162_8	3300037162_8.fna
[2024-02-19 14:09:23] INFO: /home/projects-wrighton/EMERGE/projects/methylated_amine_synthesis/Cross_site_methanogen_db/3300037163_8	3300037163_8.fna
[2024-02-19 14:09:23] INFO: /home/projects-wrighton/EMERGE/projects/methylated_amine_synthesis/Cross_site_methanogen_db/3300037167_8	3300037167_8.fna
[2024-02-19 14:09:23] INFO: /home/projects-wrighton/EMERGE/projects/methylated_amine_synthesis/Cross_site_methanogen_db/3300037171_10	3300037171_10.fna
[2024-02-19 14:09:23] INFO: /home/projects-wrighton/EMERGE/projects/methylated_amine_synthesis/Cross_site_methanogen_db/3300037175_7	3300037175_7.fna
[2024-02-19 14:09:23] INFO: /home/projects-wrighton/EMERGE/projects/methylated_amine_synthesis/Cross_site_methanogen_db/3300037176_12	3300037176_12.fna
[2024-02-19 14:09:23] INFO: /home/projects-wrighton/EMERGE/projects/methylated_amine_synthesis/Cross_site_methanogen_db/3300037207_11	3300037207_11.fna
[2024-02-19 14:09:23] INFO: /home/projects-wrighton/EMERGE/projects/methylated_amine_synthesis/Cross_site_methanogen_db/3300037208_6	3300037208_6.fna
[2024-02-19 14:09:23] INFO: /home/projects-wrighton/EMERGE/projects/methylated_amine_synthesis/Cross_site_methanogen_db/3300037208_8	3300037208_8.fna
[2024-02-19 14:09:23] INFO: /home/projects-wrighton/EMERGE/projects/methylated_amine_synthesis/Cross_site_methanogen_db/3300037209_8	3300037209_8.fna
[2024-02-19 14:09:23] INFO: /home/projects-wrighton/EMERGE/projects/methylated_amine_synthesis/Cross_site_methanogen_db/3300037210_11	3300037210_11.fna
[2024-02-19 14:09:23] INFO: /home/projects-wrighton/EMERGE/projects/methylated_amine_synthesis/Cross_site_methanogen_db/3300037214_10	3300037214_10.fna
[2024-02-19 14:09:23] INFO: /home/projects-wrighton/EMERGE/projects/methylated_amine_synthesis/Cross_site_methanogen_db/3300037215_6	3300037215_6.fna
[2024-02-19 14:09:23] INFO: /home/projects-wrighton/EMERGE/projects/methylated_amine_synthesis/Cross_site_methanogen_db/3300037216_11	3300037216_11.fna
[2024-02-19 14:09:23] INFO: /home/projects-wrighton/EMERGE/projects/methylated_amine_synthesis/Cross_site_methanogen_db/3300037236_4	3300037236_4.fna
[2024-02-19 14:09:23] INFO: /home/projects-wrighton/EMERGE/projects/methylated_amine_synthesis/Cross_site_methanogen_db/3300037356_8	3300037356_8.fna
[2024-02-19 14:09:23] INFO: /home/projects-wrighton/EMERGE/projects/methylated_amine_synthesis/Cross_site_methanogen_db/3300037365_14	3300037365_14.fna
[2024-02-19 14:09:23] INFO: /home/projects-wrighton/EMERGE/projects/methylated_amine_synthesis/Cross_site_methanogen_db/3300037387_8	3300037387_8.fna
[2024-02-19 14:09:23] INFO: /home/projects-wrighton/EMERGE/projects/methylated_amine_synthesis/Cross_site_methanogen_db/3300037396_11	3300037396_11.fna
[2024-02-19 14:09:23] INFO: /home/projects-wrighton/EMERGE/projects/methylated_amine_synthesis/Cross_site_methanogen_db/3300037428_6	3300037428_6.fna
[2024-02-19 14:09:23] INFO: /home/projects-wrighton/EMERGE/projects/methylated_amine_synthesis/Cross_site_methanogen_db/3300037551_8	3300037551_8.fna
[2024-02-19 14:09:23] INFO: /home/projects-wrighton/EMERGE/projects/methylated_amine_synthesis/Cross_site_methanogen_db/3300037551_9	3300037551_9.fna
[2024-02-19 14:09:23] INFO: /home/projects-wrighton/EMERGE/projects/methylated_amine_synthesis/Cross_site_methanogen_db/3300038459_14	3300038459_14.fna
[2024-02-19 14:09:23] INFO: /home/projects-wrighton/EMERGE/projects/methylated_amine_synthesis/Cross_site_methanogen_db/3300038460_12	3300038460_12.fna
[2024-02-19 14:09:23] INFO: /home/projects-wrighton/EMERGE/projects/methylated_amine_synthesis/Cross_site_methanogen_db/3300038462_12	3300038462_12.fna
[2024-02-19 14:09:23] INFO: /home/projects-wrighton/EMERGE/projects/methylated_amine_synthesis/Cross_site_methanogen_db/3300038474_10	3300038474_10.fna
[2024-02-19 14:09:23] INFO: /home/projects-wrighton/EMERGE/projects/methylated_amine_synthesis/Cross_site_methanogen_db/3300038475_9	3300038475_9.fna
[2024-02-19 14:09:23] INFO: /home/projects-wrighton/EMERGE/projects/methylated_amine_synthesis/Cross_site_methanogen_db/3300039216_15	3300039216_15.fna
[2024-02-19 14:09:23] INFO: /home/projects-wrighton/EMERGE/projects/methylated_amine_synthesis/Cross_site_methanogen_db/bin.308	bin.308.fna
[2024-02-19 14:09:23] INFO: /home/projects-wrighton/EMERGE/projects/methylated_amine_synthesis/Cross_site_methanogen_db/Fen.Labelled.R1.T1.F1.JGI.BFC.metaspades_bin.2_73.89_4.40	Fen.Labelled.R1.T1.F1.JGI.BFC.metaspades_bin.2_73.89_4.40.fna
[2024-02-19 14:09:23] INFO: /home/projects-wrighton/EMERGE/projects/methylated_amine_synthesis/Cross_site_methanogen_db/Fen.Labelled.R1.T1.F1.trimmomatic.metaspades_bin.7_80.00_4.00	Fen.Labelled.R1.T1.F1.trimmomatic.metaspades_bin.7_80.00_4.00.fna
[2024-02-19 14:09:23] INFO: /home/projects-wrighton/EMERGE/projects/methylated_amine_synthesis/Cross_site_methanogen_db/Fen.Labelled.R1.T2.F1.trimmomatic.megahit_bin.37_82.87_2.40	Fen.Labelled.R1.T2.F1.trimmomatic.megahit_bin.37_82.87_2.40.fna
[2024-02-19 14:09:23] INFO: /home/projects-wrighton/EMERGE/projects/methylated_amine_synthesis/Cross_site_methanogen_db/Fen.Labelled.R1.T2.F1.trimmomatic.metaspades_bin.35_83.86_0.80	Fen.Labelled.R1.T2.F1.trimmomatic.metaspades_bin.35_83.86_0.80.fna
[2024-02-19 14:09:23] INFO: /home/projects-wrighton/EMERGE/projects/methylated_amine_synthesis/Cross_site_methanogen_db/Fen.Labelled.R2.T1.F1.JGI.BFC.metaspades_bin.7_80.70_3.64	Fen.Labelled.R2.T1.F1.JGI.BFC.metaspades_bin.7_80.70_3.64.fna
[2024-02-19 14:09:23] INFO: /home/projects-wrighton/EMERGE/projects/methylated_amine_synthesis/Cross_site_methanogen_db/Fen.Labelled.R2.T1.F2.trimmomatic.megahit_bin.33_75.70_4.00	Fen.Labelled.R2.T1.F2.trimmomatic.megahit_bin.33_75.70_4.00.fna
[2024-02-19 14:09:23] INFO: /home/projects-wrighton/EMERGE/projects/methylated_amine_synthesis/Cross_site_methanogen_db/Fen.Labelled.R2.T2.F1.JGI.BFC.metaspades_bin.36_84.98_5.60	Fen.Labelled.R2.T2.F1.JGI.BFC.metaspades_bin.36_84.98_5.60.fna
[2024-02-19 14:09:23] INFO: /home/projects-wrighton/EMERGE/projects/methylated_amine_synthesis/Cross_site_methanogen_db/Fen.Labelled.R2.T2.F1.trimmomatic.metaspades_bin.57_80.79_2.40	Fen.Labelled.R2.T2.F1.trimmomatic.metaspades_bin.57_80.79_2.40.fna
[2024-02-19 14:09:23] INFO: /home/projects-wrighton/EMERGE/projects/methylated_amine_synthesis/Cross_site_methanogen_db/Fen.Labelled.R2.T3.F1.trimmomatic.megahit_bin.60_76.58_3.24	Fen.Labelled.R2.T3.F1.trimmomatic.megahit_bin.60_76.58_3.24.fna
[2024-02-19 14:09:23] INFO: /home/projects-wrighton/EMERGE/projects/methylated_amine_synthesis/Cross_site_methanogen_db/Fen.Labelled.R2.T3.F1.trimmomatic.metaspades_bin.35_77.55_4.44	Fen.Labelled.R2.T3.F1.trimmomatic.metaspades_bin.35_77.55_4.44.fna
[2024-02-19 14:09:23] INFO: /home/projects-wrighton/EMERGE/projects/methylated_amine_synthesis/Cross_site_methanogen_db/Fen.Labelled.R3.T1.F1.JGI.BFC.metaspades_bin.17_91.10_7.60	Fen.Labelled.R3.T1.F1.JGI.BFC.metaspades_bin.17_91.10_7.60.fna
[2024-02-19 14:09:23] INFO: /home/projects-wrighton/EMERGE/projects/methylated_amine_synthesis/Cross_site_methanogen_db/Fen.Labelled.R3.T1.F1.trimmomatic.metaspades_bin.4_83.17_2.00	Fen.Labelled.R3.T1.F1.trimmomatic.metaspades_bin.4_83.17_2.00.fna
[2024-02-19 14:09:23] INFO: /home/projects-wrighton/EMERGE/projects/methylated_amine_synthesis/Cross_site_methanogen_db/Fen.Labelled.R3.T2.F1.trimmomatic.megahit_bin.18_82.32_8.80	Fen.Labelled.R3.T2.F1.trimmomatic.megahit_bin.18_82.32_8.80.fna
[2024-02-19 14:09:23] INFO: /home/projects-wrighton/EMERGE/projects/methylated_amine_synthesis/Cross_site_methanogen_db/Fen.Unlabelled.R1.T1.F1.trimmomatic.metaspades_bin.18_78.79_1.60	Fen.Unlabelled.R1.T1.F1.trimmomatic.metaspades_bin.18_78.79_1.60.fna
[2024-02-19 14:09:23] INFO: /home/projects-wrighton/EMERGE/projects/methylated_amine_synthesis/Cross_site_methanogen_db/Fen.Unlabelled.R1.T2.F1.trimmomatic.megahit_bin.66_73.30_3.47	Fen.Unlabelled.R1.T2.F1.trimmomatic.megahit_bin.66_73.30_3.47.fna
[2024-02-19 14:09:23] INFO: /home/projects-wrighton/EMERGE/projects/methylated_amine_synthesis/Cross_site_methanogen_db/Fen.Unlabelled.R1.T3.F1.trimmomatic.megahit_bin.70_78.60_1.60	Fen.Unlabelled.R1.T3.F1.trimmomatic.megahit_bin.70_78.60_1.60.fna
[2024-02-19 14:09:23] INFO: /home/projects-wrighton/EMERGE/projects/methylated_amine_synthesis/Cross_site_methanogen_db/Fen.Unlabelled.R1.T3.F1.trimmomatic.metaspades_bin.103_70.94_0.80	Fen.Unlabelled.R1.T3.F1.trimmomatic.metaspades_bin.103_70.94_0.80.fna
[2024-02-19 14:09:23] INFO: /home/projects-wrighton/EMERGE/projects/methylated_amine_synthesis/Cross_site_methanogen_db/Fen.Unlabelled.R2.T1.F1.trimmomatic.megahit_bin.15_78.99_8.00	Fen.Unlabelled.R2.T1.F1.trimmomatic.megahit_bin.15_78.99_8.00.fna
[2024-02-19 14:09:23] INFO: /home/projects-wrighton/EMERGE/projects/methylated_amine_synthesis/Cross_site_methanogen_db/Fen.Unlabelled.R2.T1.F1.trimmomatic.metaspades_bin.16_83.13_0.80	Fen.Unlabelled.R2.T1.F1.trimmomatic.metaspades_bin.16_83.13_0.80.fna
[2024-02-19 14:09:23] INFO: /home/projects-wrighton/EMERGE/projects/methylated_amine_synthesis/Cross_site_methanogen_db/Fen.Unlabelled.R2.T3.F1.trimmomatic.megahit_bin.72_79.99_5.64	Fen.Unlabelled.R2.T3.F1.trimmomatic.megahit_bin.72_79.99_5.64.fna
[2024-02-19 14:09:23] INFO: /home/projects-wrighton/EMERGE/projects/methylated_amine_synthesis/Cross_site_methanogen_db/Fen.Unlabelled.R3.T1.F1.trimmomatic.metaspades_bin.70_79.20_1.87	Fen.Unlabelled.R3.T1.F1.trimmomatic.metaspades_bin.70_79.20_1.87.fna
[2024-02-19 14:09:23] INFO: /home/projects-wrighton/EMERGE/projects/methylated_amine_synthesis/Cross_site_methanogen_db/Fen.Unlabelled.R3.T2.F1.trimmomatic.metaspades_bin.18_75.52_0.00	Fen.Unlabelled.R3.T2.F1.trimmomatic.metaspades_bin.18_75.52_0.00.fna
[2024-02-19 14:09:23] INFO: /home/projects-wrighton/EMERGE/projects/methylated_amine_synthesis/Cross_site_methanogen_db/Fen.Unlabelled.R3.T3.F1.trimmomatic.metaspades_bin.105_81.22_1.20	Fen.Unlabelled.R3.T3.F1.trimmomatic.metaspades_bin.105_81.22_1.20.fna
[2024-02-19 14:09:23] INFO: /home/projects-wrighton/EMERGE/projects/methylated_amine_synthesis/Cross_site_methanogen_db/GCA_002495465.1_ASM249546v1_genomic	GCA_002495465.1_ASM249546v1_genomic.fna
[2024-02-19 14:09:23] INFO: /home/projects-wrighton/EMERGE/projects/methylated_amine_synthesis/Cross_site_methanogen_db/metabat2.147	metabat2.147.fna
[2024-02-19 14:09:23] INFO: /home/projects-wrighton/EMERGE/projects/methylated_amine_synthesis/Cross_site_methanogen_db/OWC_0000	OWC_0000.fna
[2024-02-19 14:09:23] INFO: /home/projects-wrighton/EMERGE/projects/methylated_amine_synthesis/Cross_site_methanogen_db/OWC_0001	OWC_0001.fna
[2024-02-19 14:09:23] INFO: /home/projects-wrighton/EMERGE/projects/methylated_amine_synthesis/Cross_site_methanogen_db/OWC_0002	OWC_0002.fna
[2024-02-19 14:09:23] INFO: /home/projects-wrighton/EMERGE/projects/methylated_amine_synthesis/Cross_site_methanogen_db/OWC_0003	OWC_0003.fna
[2024-02-19 14:09:23] INFO: /home/projects-wrighton/EMERGE/projects/methylated_amine_synthesis/Cross_site_methanogen_db/OWC_0004	OWC_0004.fna
[2024-02-19 14:09:23] INFO: /home/projects-wrighton/EMERGE/projects/methylated_amine_synthesis/Cross_site_methanogen_db/OWC_0005	OWC_0005.fna
[2024-02-19 14:09:23] INFO: /home/projects-wrighton/EMERGE/projects/methylated_amine_synthesis/Cross_site_methanogen_db/OWC_0006	OWC_0006.fna
[2024-02-19 14:09:23] INFO: /home/projects-wrighton/EMERGE/projects/methylated_amine_synthesis/Cross_site_methanogen_db/OWC_0007	OWC_0007.fna
[2024-02-19 14:09:23] INFO: /home/projects-wrighton/EMERGE/projects/methylated_amine_synthesis/Cross_site_methanogen_db/OWC_0008	OWC_0008.fna
[2024-02-19 14:09:23] INFO: /home/projects-wrighton/EMERGE/projects/methylated_amine_synthesis/Cross_site_methanogen_db/OWC_0009	OWC_0009.fna
[2024-02-19 14:09:23] INFO: /home/projects-wrighton/EMERGE/projects/methylated_amine_synthesis/Cross_site_methanogen_db/OWC_0010	OWC_0010.fna
[2024-02-19 14:09:23] INFO: /home/projects-wrighton/EMERGE/projects/methylated_amine_synthesis/Cross_site_methanogen_db/OWC_0011	OWC_0011.fna
[2024-02-19 14:09:23] INFO: /home/projects-wrighton/EMERGE/projects/methylated_amine_synthesis/Cross_site_methanogen_db/OWC_0012	OWC_0012.fna
[2024-02-19 14:09:23] INFO: /home/projects-wrighton/EMERGE/projects/methylated_amine_synthesis/Cross_site_methanogen_db/OWC_0013	OWC_0013.fna
[2024-02-19 14:09:23] INFO: /home/projects-wrighton/EMERGE/projects/methylated_amine_synthesis/Cross_site_methanogen_db/OWC_0014	OWC_0014.fna
[2024-02-19 14:09:23] INFO: /home/projects-wrighton/EMERGE/projects/methylated_amine_synthesis/Cross_site_methanogen_db/OWC_0015	OWC_0015.fna
[2024-02-19 14:09:23] INFO: /home/projects-wrighton/EMERGE/projects/methylated_amine_synthesis/Cross_site_methanogen_db/OWC_0016	OWC_0016.fna
[2024-02-19 14:09:23] INFO: /home/projects-wrighton/EMERGE/projects/methylated_amine_synthesis/Cross_site_methanogen_db/OWC_0017	OWC_0017.fna
[2024-02-19 14:09:23] INFO: /home/projects-wrighton/EMERGE/projects/methylated_amine_synthesis/Cross_site_methanogen_db/OWC_0018	OWC_0018.fna
[2024-02-19 14:09:23] INFO: /home/projects-wrighton/EMERGE/projects/methylated_amine_synthesis/Cross_site_methanogen_db/OWC_0019	OWC_0019.fna
[2024-02-19 14:09:23] INFO: /home/projects-wrighton/EMERGE/projects/methylated_amine_synthesis/Cross_site_methanogen_db/OWC_0020	OWC_0020.fna
[2024-02-19 14:09:23] INFO: /home/projects-wrighton/EMERGE/projects/methylated_amine_synthesis/Cross_site_methanogen_db/OWC_0021	OWC_0021.fna
[2024-02-19 14:09:23] INFO: /home/projects-wrighton/EMERGE/projects/methylated_amine_synthesis/Cross_site_methanogen_db/OWC_0022	OWC_0022.fna
[2024-02-19 14:09:23] INFO: /home/projects-wrighton/EMERGE/projects/methylated_amine_synthesis/Cross_site_methanogen_db/OWC_0023	OWC_0023.fna
[2024-02-19 14:09:23] INFO: /home/projects-wrighton/EMERGE/projects/methylated_amine_synthesis/Cross_site_methanogen_db/OWC_0024	OWC_0024.fna
[2024-02-19 14:09:23] INFO: /home/projects-wrighton/EMERGE/projects/methylated_amine_synthesis/Cross_site_methanogen_db/OWC_0025	OWC_0025.fna
[2024-02-19 14:09:23] INFO: /home/projects-wrighton/EMERGE/projects/methylated_amine_synthesis/Cross_site_methanogen_db/OWC_0026	OWC_0026.fna
[2024-02-19 14:09:23] INFO: /home/projects-wrighton/EMERGE/projects/methylated_amine_synthesis/Cross_site_methanogen_db/OWC_0027	OWC_0027.fna
[2024-02-19 14:09:23] INFO: /home/projects-wrighton/EMERGE/projects/methylated_amine_synthesis/Cross_site_methanogen_db/OWC_0028	OWC_0028.fna
[2024-02-19 14:09:23] INFO: /home/projects-wrighton/EMERGE/projects/methylated_amine_synthesis/Cross_site_methanogen_db/OWC_0029	OWC_0029.fna
[2024-02-19 14:09:23] INFO: /home/projects-wrighton/EMERGE/projects/methylated_amine_synthesis/Cross_site_methanogen_db/OWC_0030	OWC_0030.fna
[2024-02-19 14:09:23] INFO: /home/projects-wrighton/EMERGE/projects/methylated_amine_synthesis/Cross_site_methanogen_db/OWC_0031	OWC_0031.fna
[2024-02-19 14:09:23] INFO: /home/projects-wrighton/EMERGE/projects/methylated_amine_synthesis/Cross_site_methanogen_db/OWC_0032	OWC_0032.fna
[2024-02-19 14:09:23] INFO: /home/projects-wrighton/EMERGE/projects/methylated_amine_synthesis/Cross_site_methanogen_db/OWC_0033	OWC_0033.fna
[2024-02-19 14:09:23] INFO: /home/projects-wrighton/EMERGE/projects/methylated_amine_synthesis/Cross_site_methanogen_db/OWC_0034	OWC_0034.fna
[2024-02-19 14:09:23] INFO: /home/projects-wrighton/EMERGE/projects/methylated_amine_synthesis/Cross_site_methanogen_db/OWC_0035	OWC_0035.fna
[2024-02-19 14:09:23] INFO: /home/projects-wrighton/EMERGE/projects/methylated_amine_synthesis/Cross_site_methanogen_db/OWC_0036	OWC_0036.fna
[2024-02-19 14:09:23] INFO: /home/projects-wrighton/EMERGE/projects/methylated_amine_synthesis/Cross_site_methanogen_db/OWC_0037	OWC_0037.fna
[2024-02-19 14:09:23] INFO: /home/projects-wrighton/EMERGE/projects/methylated_amine_synthesis/Cross_site_methanogen_db/OWC_0038	OWC_0038.fna
[2024-02-19 14:09:23] INFO: /home/projects-wrighton/EMERGE/projects/methylated_amine_synthesis/Cross_site_methanogen_db/OWC_0039	OWC_0039.fna
[2024-02-19 14:09:23] INFO: /home/projects-wrighton/EMERGE/projects/methylated_amine_synthesis/Cross_site_methanogen_db/OWC_0040	OWC_0040.fna
[2024-02-19 14:09:23] INFO: /home/projects-wrighton/EMERGE/projects/methylated_amine_synthesis/Cross_site_methanogen_db/OWC_0041	OWC_0041.fna
[2024-02-19 14:09:23] INFO: /home/projects-wrighton/EMERGE/projects/methylated_amine_synthesis/Cross_site_methanogen_db/OWC_0042	OWC_0042.fna
[2024-02-19 14:09:23] INFO: /home/projects-wrighton/EMERGE/projects/methylated_amine_synthesis/Cross_site_methanogen_db/OWC_0043	OWC_0043.fna
[2024-02-19 14:09:23] INFO: /home/projects-wrighton/EMERGE/projects/methylated_amine_synthesis/Cross_site_methanogen_db/OWC_0044	OWC_0044.fna
[2024-02-19 14:09:23] INFO: /home/projects-wrighton/EMERGE/projects/methylated_amine_synthesis/Cross_site_methanogen_db/OWC_0045	OWC_0045.fna
[2024-02-19 14:09:23] INFO: /home/projects-wrighton/EMERGE/projects/methylated_amine_synthesis/Cross_site_methanogen_db/OWC_0046	OWC_0046.fna
[2024-02-19 14:09:23] INFO: /home/projects-wrighton/EMERGE/projects/methylated_amine_synthesis/Cross_site_methanogen_db/OWC_0047	OWC_0047.fna
[2024-02-19 14:09:23] INFO: /home/projects-wrighton/EMERGE/projects/methylated_amine_synthesis/Cross_site_methanogen_db/OWC_0048	OWC_0048.fna
[2024-02-19 14:09:23] INFO: /home/projects-wrighton/EMERGE/projects/methylated_amine_synthesis/Cross_site_methanogen_db/OWC_0049	OWC_0049.fna
[2024-02-19 14:09:23] INFO: /home/projects-wrighton/EMERGE/projects/methylated_amine_synthesis/Cross_site_methanogen_db/OWC_0050	OWC_0050.fna
[2024-02-19 14:09:23] INFO: /home/projects-wrighton/EMERGE/projects/methylated_amine_synthesis/Cross_site_methanogen_db/OWC_0051	OWC_0051.fna
[2024-02-19 14:09:23] INFO: /home/projects-wrighton/EMERGE/projects/methylated_amine_synthesis/Cross_site_methanogen_db/OWC_0052	OWC_0052.fna
[2024-02-19 14:09:23] INFO: /home/projects-wrighton/EMERGE/projects/methylated_amine_synthesis/Cross_site_methanogen_db/OWC_0053	OWC_0053.fna
[2024-02-19 14:09:23] INFO: /home/projects-wrighton/EMERGE/projects/methylated_amine_synthesis/Cross_site_methanogen_db/OWC_0054	OWC_0054.fna
[2024-02-19 14:09:23] INFO: /home/projects-wrighton/EMERGE/projects/methylated_amine_synthesis/Cross_site_methanogen_db/OWC_0055	OWC_0055.fna
[2024-02-19 14:09:23] INFO: /home/projects-wrighton/EMERGE/projects/methylated_amine_synthesis/Cross_site_methanogen_db/OWC_0056	OWC_0056.fna
[2024-02-19 14:09:23] INFO: /home/projects-wrighton/EMERGE/projects/methylated_amine_synthesis/Cross_site_methanogen_db/OWC_0057	OWC_0057.fna
[2024-02-19 14:09:23] INFO: /home/projects-wrighton/EMERGE/projects/methylated_amine_synthesis/Cross_site_methanogen_db/OWC_0058	OWC_0058.fna
[2024-02-19 14:09:23] INFO: /home/projects-wrighton/EMERGE/projects/methylated_amine_synthesis/Cross_site_methanogen_db/OWC_0059	OWC_0059.fna
[2024-02-19 14:09:23] INFO: /home/projects-wrighton/EMERGE/projects/methylated_amine_synthesis/Cross_site_methanogen_db/OWC_0060	OWC_0060.fna
[2024-02-19 14:09:23] INFO: /home/projects-wrighton/EMERGE/projects/methylated_amine_synthesis/Cross_site_methanogen_db/OWC_0061	OWC_0061.fna
[2024-02-19 14:09:23] INFO: /home/projects-wrighton/EMERGE/projects/methylated_amine_synthesis/Cross_site_methanogen_db/OWC_0062	OWC_0062.fna
[2024-02-19 14:09:23] INFO: /home/projects-wrighton/EMERGE/projects/methylated_amine_synthesis/Cross_site_methanogen_db/OWC_0063	OWC_0063.fna
[2024-02-19 14:09:23] INFO: /home/projects-wrighton/EMERGE/projects/methylated_amine_synthesis/Cross_site_methanogen_db/OWC_0064	OWC_0064.fna
[2024-02-19 14:09:23] INFO: /home/projects-wrighton/EMERGE/projects/methylated_amine_synthesis/Cross_site_methanogen_db/OWC_0065	OWC_0065.fna
[2024-02-19 14:09:23] INFO: /home/projects-wrighton/EMERGE/projects/methylated_amine_synthesis/Cross_site_methanogen_db/OWC_0066	OWC_0066.fna
[2024-02-19 14:09:23] INFO: /home/projects-wrighton/EMERGE/projects/methylated_amine_synthesis/Cross_site_methanogen_db/OWC_0067	OWC_0067.fna
[2024-02-19 14:09:23] INFO: /home/projects-wrighton/EMERGE/projects/methylated_amine_synthesis/Cross_site_methanogen_db/OWC_0068	OWC_0068.fna
[2024-02-19 14:09:23] INFO: /home/projects-wrighton/EMERGE/projects/methylated_amine_synthesis/Cross_site_methanogen_db/OWC_0069	OWC_0069.fna
[2024-02-19 14:09:23] INFO: /home/projects-wrighton/EMERGE/projects/methylated_amine_synthesis/Cross_site_methanogen_db/OWC_0070	OWC_0070.fna
[2024-02-19 14:09:23] INFO: /home/projects-wrighton/EMERGE/projects/methylated_amine_synthesis/Cross_site_methanogen_db/OWC_0071	OWC_0071.fna
[2024-02-19 14:09:23] INFO: /home/projects-wrighton/EMERGE/projects/methylated_amine_synthesis/Cross_site_methanogen_db/OWC_0072	OWC_0072.fna
[2024-02-19 14:09:23] INFO: /home/projects-wrighton/EMERGE/projects/methylated_amine_synthesis/Cross_site_methanogen_db/OWC_0073	OWC_0073.fna
[2024-02-19 14:09:23] INFO: /home/projects-wrighton/EMERGE/projects/methylated_amine_synthesis/Cross_site_methanogen_db/OWC_0074	OWC_0074.fna
[2024-02-19 14:09:23] INFO: /home/projects-wrighton/EMERGE/projects/methylated_amine_synthesis/Cross_site_methanogen_db/OWC_0075	OWC_0075.fna
[2024-02-19 14:09:23] INFO: /home/projects-wrighton/EMERGE/projects/methylated_amine_synthesis/Cross_site_methanogen_db/OWC_0076	OWC_0076.fna
[2024-02-19 14:09:23] INFO: /home/projects-wrighton/EMERGE/projects/methylated_amine_synthesis/Cross_site_methanogen_db/OWC_0077	OWC_0077.fna
[2024-02-19 14:09:23] INFO: /home/projects-wrighton/EMERGE/projects/methylated_amine_synthesis/Cross_site_methanogen_db/OWC_0078	OWC_0078.fna
[2024-02-19 14:09:23] INFO: /home/projects-wrighton/EMERGE/projects/methylated_amine_synthesis/Cross_site_methanogen_db/OWC_0079	OWC_0079.fna
[2024-02-19 14:09:23] INFO: /home/projects-wrighton/EMERGE/projects/methylated_amine_synthesis/Cross_site_methanogen_db/OWC_0080	OWC_0080.fna
[2024-02-19 14:09:23] INFO: /home/projects-wrighton/EMERGE/projects/methylated_amine_synthesis/Cross_site_methanogen_db/OWC_0081	OWC_0081.fna
[2024-02-19 14:09:23] INFO: /home/projects-wrighton/EMERGE/projects/methylated_amine_synthesis/Cross_site_methanogen_db/OWC_0082	OWC_0082.fna
[2024-02-19 14:09:23] INFO: /home/projects-wrighton/EMERGE/projects/methylated_amine_synthesis/Cross_site_methanogen_db/OWC_0083	OWC_0083.fna
[2024-02-19 14:09:23] INFO: /home/projects-wrighton/EMERGE/projects/methylated_amine_synthesis/Cross_site_methanogen_db/OWC_0084	OWC_0084.fna
[2024-02-19 14:09:23] INFO: /home/projects-wrighton/EMERGE/projects/methylated_amine_synthesis/Cross_site_methanogen_db/OWC_0085	OWC_0085.fna
[2024-02-19 14:09:23] INFO: /home/projects-wrighton/EMERGE/projects/methylated_amine_synthesis/Cross_site_methanogen_db/OWC_0086	OWC_0086.fna
[2024-02-19 14:09:23] INFO: /home/projects-wrighton/EMERGE/projects/methylated_amine_synthesis/Cross_site_methanogen_db/OWC_0818_M1_M_CoA1_E05E08E09_bin.40	OWC_0818_M1_M_CoA1_E05E08E09_bin.40.fna
[2024-02-19 14:09:23] INFO: /home/projects-wrighton/EMERGE/projects/methylated_amine_synthesis/Cross_site_methanogen_db/OWC_0818_M1_M_E017E020E021E022_Coassembly_bin.12	OWC_0818_M1_M_E017E020E021E022_Coassembly_bin.12.fna
[2024-02-19 14:09:23] INFO: /home/projects-wrighton/EMERGE/projects/methylated_amine_synthesis/Cross_site_methanogen_db/OWC_0818_M1_M_E017E020E021E022_Coassembly_bin.36	OWC_0818_M1_M_E017E020E021E022_Coassembly_bin.36.fna
[2024-02-19 14:09:23] INFO: /home/projects-wrighton/EMERGE/projects/methylated_amine_synthesis/Cross_site_methanogen_db/OWC_0818_M1_M_E017E020E021E022_Coassembly_bin.50	OWC_0818_M1_M_E017E020E021E022_Coassembly_bin.50.fna
[2024-02-19 14:09:23] INFO: /home/projects-wrighton/EMERGE/projects/methylated_amine_synthesis/Cross_site_methanogen_db/OWC_0818_M1_M_E021_D31_DNA_S88_L002_bin.7	OWC_0818_M1_M_E021_D31_DNA_S88_L002_bin.7.fna
[2024-02-19 14:09:23] INFO: /home/projects-wrighton/EMERGE/projects/methylated_amine_synthesis/Cross_site_methanogen_db/OWC_0818_M1_M_E022_D31_DNA_S89_L002_bin.10	OWC_0818_M1_M_E022_D31_DNA_S89_L002_bin.10.fna
[2024-02-19 14:09:23] INFO: /home/projects-wrighton/EMERGE/projects/methylated_amine_synthesis/Cross_site_methanogen_db/OWC_0818_M1_M_E022_D31_DNA_S89_L002_bin.7	OWC_0818_M1_M_E022_D31_DNA_S89_L002_bin.7.fna
[2024-02-19 14:09:23] INFO: /home/projects-wrighton/EMERGE/projects/methylated_amine_synthesis/Cross_site_methanogen_db/OWC_0818_M1_M_E05.bin.15	OWC_0818_M1_M_E05.bin.15.fna
[2024-02-19 14:09:23] INFO: /home/projects-wrighton/EMERGE/projects/methylated_amine_synthesis/Cross_site_methanogen_db/OWC_0818_M1_M_E09.bin.38	OWC_0818_M1_M_E09.bin.38.fna
[2024-02-19 14:09:23] INFO: /home/projects-wrighton/EMERGE/projects/methylated_amine_synthesis/Cross_site_methanogen_db/OWC_0818_M1_M_E09.bin.39	OWC_0818_M1_M_E09.bin.39.fna
[2024-02-19 14:09:23] INFO: /home/projects-wrighton/EMERGE/projects/methylated_amine_synthesis/Cross_site_methanogen_db/PKWV01	PKWV01.fna
[2024-02-19 14:09:23] INFO: /home/projects-wrighton/EMERGE/projects/methylated_amine_synthesis/Cross_site_methanogen_db/PKYL01	PKYL01.fna
[2024-02-19 14:09:23] INFO: /home/projects-wrighton/EMERGE/projects/methylated_amine_synthesis/Cross_site_methanogen_db/PLAP01	PLAP01.fna
[2024-02-19 14:09:23] INFO: /home/projects-wrighton/EMERGE/projects/methylated_amine_synthesis/Cross_site_methanogen_db/PLEN01	PLEN01.fna
[2024-02-19 14:09:23] INFO: /home/projects-wrighton/EMERGE/projects/methylated_amine_synthesis/Cross_site_methanogen_db/PLEP01	PLEP01.fna
[2024-02-19 14:09:23] INFO: /home/projects-wrighton/EMERGE/projects/methylated_amine_synthesis/Cross_site_methanogen_db/PLGO01	PLGO01.fna
[2024-02-19 14:09:23] INFO: /home/projects-wrighton/EMERGE/projects/methylated_amine_synthesis/Cross_site_methanogen_db/PLGY01	PLGY01.fna
[2024-02-19 14:09:23] INFO: /home/projects-wrighton/EMERGE/projects/methylated_amine_synthesis/Cross_site_methanogen_db/PLHB01	PLHB01.fna
[2024-02-19 14:09:23] INFO: /home/projects-wrighton/EMERGE/projects/methylated_amine_synthesis/Cross_site_methanogen_db/PLHG01	PLHG01.fna
[2024-02-19 14:09:23] INFO: /home/projects-wrighton/EMERGE/projects/methylated_amine_synthesis/Cross_site_methanogen_db/PLIF01	PLIF01.fna
[2024-02-19 14:09:23] INFO: /home/projects-wrighton/EMERGE/projects/methylated_amine_synthesis/Cross_site_methanogen_db/PLKI01	PLKI01.fna
[2024-02-19 14:09:23] INFO: /home/projects-wrighton/EMERGE/projects/methylated_amine_synthesis/Cross_site_methanogen_db/PLKL01	PLKL01.fna
[2024-02-19 14:09:23] INFO: /home/projects-wrighton/EMERGE/projects/methylated_amine_synthesis/Cross_site_methanogen_db/PLLR01	PLLR01.fna
[2024-02-19 14:09:23] INFO: /home/projects-wrighton/EMERGE/projects/methylated_amine_synthesis/Cross_site_methanogen_db/PLNA01	PLNA01.fna
[2024-02-19 14:09:23] INFO: /home/projects-wrighton/EMERGE/projects/methylated_amine_synthesis/Cross_site_methanogen_db/PLNM01	PLNM01.fna
[2024-02-19 14:09:23] INFO: /home/projects-wrighton/EMERGE/projects/methylated_amine_synthesis/Cross_site_methanogen_db/PLOJ01	PLOJ01.fna
[2024-02-19 14:09:23] INFO: /home/projects-wrighton/EMERGE/projects/methylated_amine_synthesis/Cross_site_methanogen_db/PLPC01	PLPC01.fna
[2024-02-19 14:09:23] INFO: /home/projects-wrighton/EMERGE/projects/methylated_amine_synthesis/Cross_site_methanogen_db/PLPX01	PLPX01.fna
[2024-02-19 14:09:23] INFO: /home/projects-wrighton/EMERGE/projects/methylated_amine_synthesis/Cross_site_methanogen_db/PLPZ01	PLPZ01.fna
[2024-02-19 14:09:23] INFO: /home/projects-wrighton/EMERGE/projects/methylated_amine_synthesis/Cross_site_methanogen_db/PLQV01	PLQV01.fna
[2024-02-19 14:09:23] INFO: /home/projects-wrighton/EMERGE/projects/methylated_amine_synthesis/Cross_site_methanogen_db/PLTK01	PLTK01.fna
[2024-02-19 14:09:23] INFO: /home/projects-wrighton/EMERGE/projects/methylated_amine_synthesis/Cross_site_methanogen_db/PLTM01	PLTM01.fna
[2024-02-19 14:09:23] INFO: /home/projects-wrighton/EMERGE/projects/methylated_amine_synthesis/Cross_site_methanogen_db/PLUB01	PLUB01.fna
[2024-02-19 14:09:23] INFO: /home/projects-wrighton/EMERGE/projects/methylated_amine_synthesis/Cross_site_methanogen_db/PLUD01	PLUD01.fna
[2024-02-19 14:09:23] INFO: /home/projects-wrighton/EMERGE/projects/methylated_amine_synthesis/Cross_site_methanogen_db/PLVJ01	PLVJ01.fna
[2024-02-19 14:09:23] INFO: /home/projects-wrighton/EMERGE/projects/methylated_amine_synthesis/Cross_site_methanogen_db/PLWI01	PLWI01.fna
[2024-02-19 14:09:23] INFO: /home/projects-wrighton/EMERGE/projects/methylated_amine_synthesis/Cross_site_methanogen_db/PLXT01	PLXT01.fna
[2024-02-19 14:09:23] INFO: /home/projects-wrighton/EMERGE/projects/methylated_amine_synthesis/Cross_site_methanogen_db/PMBJ01	PMBJ01.fna
[2024-02-19 14:09:23] INFO: /home/projects-wrighton/EMERGE/projects/methylated_amine_synthesis/Cross_site_methanogen_db/PMBL01	PMBL01.fna
[2024-02-19 14:09:23] INFO: /home/projects-wrighton/EMERGE/projects/methylated_amine_synthesis/Cross_site_methanogen_db/PMBU01	PMBU01.fna
[2024-02-19 14:09:23] INFO: /home/projects-wrighton/EMERGE/projects/methylated_amine_synthesis/Cross_site_methanogen_db/PMCV01	PMCV01.fna
[2024-02-19 14:09:23] INFO: /home/projects-wrighton/EMERGE/projects/methylated_amine_synthesis/Cross_site_methanogen_db/PMDE01	PMDE01.fna
[2024-02-19 14:09:23] INFO: /home/projects-wrighton/EMERGE/projects/methylated_amine_synthesis/Cross_site_methanogen_db/PMEE01	PMEE01.fna
[2024-02-19 14:09:23] INFO: /home/projects-wrighton/EMERGE/projects/methylated_amine_synthesis/Cross_site_methanogen_db/PMEK01	PMEK01.fna
[2024-02-19 14:09:23] INFO: /home/projects-wrighton/EMERGE/projects/methylated_amine_synthesis/Cross_site_methanogen_db/PMEP01	PMEP01.fna
[2024-02-19 14:09:23] INFO: /home/projects-wrighton/EMERGE/projects/methylated_amine_synthesis/Cross_site_methanogen_db/PMEQ01	PMEQ01.fna
[2024-02-19 14:09:23] INFO: /home/projects-wrighton/EMERGE/projects/methylated_amine_synthesis/Cross_site_methanogen_db/PMGM01	PMGM01.fna
[2024-02-19 14:09:23] INFO: /home/projects-wrighton/EMERGE/projects/methylated_amine_synthesis/Cross_site_methanogen_db/PMGQ01	PMGQ01.fna
[2024-02-19 14:09:23] INFO: /home/projects-wrighton/EMERGE/projects/methylated_amine_synthesis/Cross_site_methanogen_db/PMID01	PMID01.fna
[2024-02-19 14:09:23] INFO: /home/projects-wrighton/EMERGE/projects/methylated_amine_synthesis/Cross_site_methanogen_db/PMIM01	PMIM01.fna
[2024-02-19 14:09:23] INFO: /home/projects-wrighton/EMERGE/projects/methylated_amine_synthesis/Cross_site_methanogen_db/PMIN01	PMIN01.fna
[2024-02-19 14:09:23] INFO: /home/projects-wrighton/EMERGE/projects/methylated_amine_synthesis/Cross_site_methanogen_db/PMJC01	PMJC01.fna
[2024-02-19 14:09:23] INFO: /home/projects-wrighton/EMERGE/projects/methylated_amine_synthesis/Cross_site_methanogen_db/PMJH01	PMJH01.fna
[2024-02-19 14:09:23] INFO: /home/projects-wrighton/EMERGE/projects/methylated_amine_synthesis/Cross_site_methanogen_db/PMJI01	PMJI01.fna
[2024-02-19 14:09:23] INFO: /home/projects-wrighton/EMERGE/projects/methylated_amine_synthesis/Cross_site_methanogen_db/PMKI01	PMKI01.fna
[2024-02-19 14:09:23] INFO: /home/projects-wrighton/EMERGE/projects/methylated_amine_synthesis/Cross_site_methanogen_db/PMKO01	PMKO01.fna
[2024-02-19 14:09:23] INFO: /home/projects-wrighton/EMERGE/projects/methylated_amine_synthesis/Cross_site_methanogen_db/PMKW01	PMKW01.fna
[2024-02-19 14:09:23] INFO: /home/projects-wrighton/EMERGE/projects/methylated_amine_synthesis/Cross_site_methanogen_db/PMKY01	PMKY01.fna
[2024-02-19 14:09:23] INFO: /home/projects-wrighton/EMERGE/projects/methylated_amine_synthesis/Cross_site_methanogen_db/PMLP01	PMLP01.fna
[2024-02-19 14:09:23] INFO: /home/projects-wrighton/EMERGE/projects/methylated_amine_synthesis/Cross_site_methanogen_db/PMMC01	PMMC01.fna
[2024-02-19 14:09:23] INFO: /home/projects-wrighton/EMERGE/projects/methylated_amine_synthesis/Cross_site_methanogen_db/PMMP01	PMMP01.fna
[2024-02-19 14:09:23] INFO: /home/projects-wrighton/EMERGE/projects/methylated_amine_synthesis/Cross_site_methanogen_db/PMMR01	PMMR01.fna
[2024-02-19 14:09:23] INFO: /home/projects-wrighton/EMERGE/projects/methylated_amine_synthesis/Cross_site_methanogen_db/PMMV01	PMMV01.fna
[2024-02-19 14:09:23] INFO: /home/projects-wrighton/EMERGE/projects/methylated_amine_synthesis/Cross_site_methanogen_db/PMMY01	PMMY01.fna
[2024-02-19 14:09:23] INFO: /home/projects-wrighton/EMERGE/projects/methylated_amine_synthesis/Cross_site_methanogen_db/PMMZ01	PMMZ01.fna
[2024-02-19 14:09:23] INFO: /home/projects-wrighton/EMERGE/projects/methylated_amine_synthesis/Cross_site_methanogen_db/PMNG01	PMNG01.fna
[2024-02-19 14:09:23] INFO: /home/projects-wrighton/EMERGE/projects/methylated_amine_synthesis/Cross_site_methanogen_db/PMNL01	PMNL01.fna
[2024-02-19 14:09:23] INFO: /home/projects-wrighton/EMERGE/projects/methylated_amine_synthesis/Cross_site_methanogen_db/PMNN01	PMNN01.fna
[2024-02-19 14:09:23] INFO: /home/projects-wrighton/EMERGE/projects/methylated_amine_synthesis/Cross_site_methanogen_db/PMNR01	PMNR01.fna
[2024-02-19 14:09:23] INFO: /home/projects-wrighton/EMERGE/projects/methylated_amine_synthesis/Cross_site_methanogen_db/PMNS01	PMNS01.fna
[2024-02-19 14:09:23] INFO: /home/projects-wrighton/EMERGE/projects/methylated_amine_synthesis/Cross_site_methanogen_db/PMNV01	PMNV01.fna
[2024-02-19 14:09:23] INFO: /home/projects-wrighton/EMERGE/projects/methylated_amine_synthesis/Cross_site_methanogen_db/PMNX01	PMNX01.fna
[2024-02-19 14:09:23] INFO: /home/projects-wrighton/EMERGE/projects/methylated_amine_synthesis/Cross_site_methanogen_db/PMQE01	PMQE01.fna
[2024-02-19 14:09:23] INFO: /home/projects-wrighton/EMERGE/projects/methylated_amine_synthesis/Cross_site_methanogen_db/PMRI01	PMRI01.fna
[2024-02-19 14:09:23] INFO: /home/projects-wrighton/EMERGE/projects/methylated_amine_synthesis/Cross_site_methanogen_db/PMRR01	PMRR01.fna
[2024-02-19 14:09:23] INFO: /home/projects-wrighton/EMERGE/projects/methylated_amine_synthesis/Cross_site_methanogen_db/PMRX01	PMRX01.fna
[2024-02-19 14:09:23] INFO: /home/projects-wrighton/EMERGE/projects/methylated_amine_synthesis/Cross_site_methanogen_db/PMRZ01	PMRZ01.fna
[2024-02-19 14:09:23] INFO: /home/projects-wrighton/EMERGE/projects/methylated_amine_synthesis/Cross_site_methanogen_db/PMSD01	PMSD01.fna
[2024-02-19 14:09:23] INFO: /home/projects-wrighton/EMERGE/projects/methylated_amine_synthesis/Cross_site_methanogen_db/PMSF01	PMSF01.fna
[2024-02-19 14:09:23] INFO: /home/projects-wrighton/EMERGE/projects/methylated_amine_synthesis/Cross_site_methanogen_db/PMVN01	PMVN01.fna
[2024-02-19 14:09:23] INFO: /home/projects-wrighton/EMERGE/projects/methylated_amine_synthesis/Cross_site_methanogen_db/PMWA01	PMWA01.fna
[2024-02-19 14:09:23] INFO: /home/projects-wrighton/EMERGE/projects/methylated_amine_synthesis/Cross_site_methanogen_db/PMWE01	PMWE01.fna
[2024-02-19 14:09:23] INFO: /home/projects-wrighton/EMERGE/projects/methylated_amine_synthesis/Cross_site_methanogen_db/PMXU01	PMXU01.fna
[2024-02-19 14:09:23] INFO: /home/projects-wrighton/EMERGE/projects/methylated_amine_synthesis/Cross_site_methanogen_db/PMXW01	PMXW01.fna
[2024-02-19 14:09:23] INFO: /home/projects-wrighton/EMERGE/projects/methylated_amine_synthesis/Cross_site_methanogen_db/PMXX01	PMXX01.fna
[2024-02-19 14:09:23] INFO: /home/projects-wrighton/EMERGE/projects/methylated_amine_synthesis/Cross_site_methanogen_db/PMXY01	PMXY01.fna
[2024-02-19 14:09:23] INFO: /home/projects-wrighton/EMERGE/projects/methylated_amine_synthesis/Cross_site_methanogen_db/PMYA01	PMYA01.fna
[2024-02-19 14:09:23] INFO: /home/projects-wrighton/EMERGE/projects/methylated_amine_synthesis/Cross_site_methanogen_db/PMYQ01	PMYQ01.fna
[2024-02-19 14:09:23] INFO: /home/projects-wrighton/EMERGE/projects/methylated_amine_synthesis/Cross_site_methanogen_db/PMYV01	PMYV01.fna
[2024-02-19 14:09:23] INFO: /home/projects-wrighton/EMERGE/projects/methylated_amine_synthesis/Cross_site_methanogen_db/PMYZ01	PMYZ01.fna
[2024-02-19 14:09:23] INFO: /home/projects-wrighton/EMERGE/projects/methylated_amine_synthesis/Cross_site_methanogen_db/PMZU01	PMZU01.fna
[2024-02-19 14:09:23] INFO: /home/projects-wrighton/EMERGE/projects/methylated_amine_synthesis/Cross_site_methanogen_db/PNBI01	PNBI01.fna
[2024-02-19 14:09:23] INFO: /home/projects-wrighton/EMERGE/projects/methylated_amine_synthesis/Cross_site_methanogen_db/PNBJ01	PNBJ01.fna
[2024-02-19 14:09:23] INFO: /home/projects-wrighton/EMERGE/projects/methylated_amine_synthesis/Cross_site_methanogen_db/PNBP01	PNBP01.fna
[2024-02-19 14:09:23] INFO: /home/projects-wrighton/EMERGE/projects/methylated_amine_synthesis/Cross_site_methanogen_db/PPR_0522_0822_P7D_M_D_coassembly_megahit_bin.118	PPR_0522_0822_P7D_M_D_coassembly_megahit_bin.118.fna
[2024-02-19 14:09:23] INFO: /home/projects-wrighton/EMERGE/projects/methylated_amine_synthesis/Cross_site_methanogen_db/PPR_0522_0822_P7D_M_D_coassembly_megahit_bin.19	PPR_0522_0822_P7D_M_D_coassembly_megahit_bin.19.fna
[2024-02-19 14:09:23] INFO: /home/projects-wrighton/EMERGE/projects/methylated_amine_synthesis/Cross_site_methanogen_db/PPR_0522_P7D_M_D_idba_bin.12.fa.renamed	PPR_0522_P7D_M_D_idba_bin.12.fa.renamed.fna
[2024-02-19 14:09:23] INFO: /home/projects-wrighton/EMERGE/projects/methylated_amine_synthesis/Cross_site_methanogen_db/PPR_0822_P7D_M_D_idba_bin.22	PPR_0822_P7D_M_D_idba_bin.22.fna
[2024-02-19 14:09:23] INFO: /home/projects-wrighton/EMERGE/projects/methylated_amine_synthesis/Cross_site_methanogen_db/PPR_0822_P7D_M_D_idba_bin.55	PPR_0822_P7D_M_D_idba_bin.55.fna
[2024-02-19 14:09:23] INFO: /home/projects-wrighton/EMERGE/projects/methylated_amine_synthesis/Cross_site_methanogen_db/PPR_0822_P7D_M_D_IS2_megahit_bin.19	PPR_0822_P7D_M_D_IS2_megahit_bin.19.fna
[2024-02-19 14:09:23] INFO: /home/projects-wrighton/EMERGE/projects/methylated_amine_synthesis/Cross_site_methanogen_db/PPR_0822_P7D_M_D_megahit_bin.19	PPR_0822_P7D_M_D_megahit_bin.19.fna
[2024-02-19 14:09:23] INFO: /home/projects-wrighton/EMERGE/projects/methylated_amine_synthesis/Cross_site_methanogen_db/PPR_0822_P8D_P7D_M_D_coassembly_megahit_bin.36	PPR_0822_P8D_P7D_M_D_coassembly_megahit_bin.36.fna
[2024-02-19 14:09:23] INFO: /home/projects-wrighton/EMERGE/projects/methylated_amine_synthesis/Cross_site_methanogen_db/PPR_1022_P7D_M_E_concat_coassembly_mesocosms_megahit_bin.197	PPR_1022_P7D_M_E_concat_coassembly_mesocosms_megahit_bin.197.fna
[2024-02-19 14:09:23] INFO: /home/projects-wrighton/EMERGE/projects/methylated_amine_synthesis/Cross_site_methanogen_db/PPR_1022_P7D_M_E_concat_coassembly_mesocosms_megahit_bin.96	PPR_1022_P7D_M_E_concat_coassembly_mesocosms_megahit_bin.96.fna
[2024-02-19 14:09:23] INFO: /home/projects-wrighton/EMERGE/projects/methylated_amine_synthesis/Cross_site_methanogen_db/PPR_1022_P7D_M_E_Control2_Day30_IS1_megahit_bin.2	PPR_1022_P7D_M_E_Control2_Day30_IS1_megahit_bin.2.fna
[2024-02-19 14:09:23] INFO: /home/projects-wrighton/EMERGE/projects/methylated_amine_synthesis/Cross_site_methanogen_db/PPR_1022_P7D_M_E_Control2_megahit_bin.17	PPR_1022_P7D_M_E_Control2_megahit_bin.17.fna
[2024-02-19 14:09:23] INFO: /home/projects-wrighton/EMERGE/projects/methylated_amine_synthesis/Cross_site_methanogen_db/PPR_1022_P7D_M_E_Formate3_megahit_bin.30	PPR_1022_P7D_M_E_Formate3_megahit_bin.30.fna
[2024-02-19 14:09:23] INFO: /home/projects-wrighton/EMERGE/projects/methylated_amine_synthesis/Cross_site_methanogen_db/PPR_1022_P7D_M_E_Methanol3_megahit_bin.16	PPR_1022_P7D_M_E_Methanol3_megahit_bin.16.fna
[2024-02-19 14:09:23] INFO: /home/projects-wrighton/EMERGE/projects/methylated_amine_synthesis/Cross_site_methanogen_db/PPR_1022_P7D_M_E_Methanol3_megahit_bin.21	PPR_1022_P7D_M_E_Methanol3_megahit_bin.21.fna
[2024-02-19 14:09:23] INFO: /home/projects-wrighton/EMERGE/projects/methylated_amine_synthesis/Cross_site_methanogen_db/PPR_1022_P7D_M_E_Methanol3_megahit_bin.6	PPR_1022_P7D_M_E_Methanol3_megahit_bin.6.fna
[2024-02-19 14:09:23] INFO: /home/projects-wrighton/EMERGE/projects/methylated_amine_synthesis/Cross_site_methanogen_db/PPR_1022_P8D_M_E_concat_coassembly_mesocosms_is1_megahit_bin.46	PPR_1022_P8D_M_E_concat_coassembly_mesocosms_is1_megahit_bin.46.fna
[2024-02-19 14:09:23] INFO: /home/projects-wrighton/EMERGE/projects/methylated_amine_synthesis/Cross_site_methanogen_db/PPR_1022_P8D_M_E_concat_coassembly_mesocosms_megahit_bin.138	PPR_1022_P8D_M_E_concat_coassembly_mesocosms_megahit_bin.138.fna
[2024-02-19 14:09:23] INFO: /home/projects-wrighton/EMERGE/projects/methylated_amine_synthesis/Cross_site_methanogen_db/PPR_1022_P8D_M_E_concat_coassembly_mesocosms_megahit_bin.160	PPR_1022_P8D_M_E_concat_coassembly_mesocosms_megahit_bin.160.fna
[2024-02-19 14:09:23] INFO: /home/projects-wrighton/EMERGE/projects/methylated_amine_synthesis/Cross_site_methanogen_db/PPR_1022_P8D_M_E_concat_coassembly_mesocosms_megahit_bin.87	PPR_1022_P8D_M_E_concat_coassembly_mesocosms_megahit_bin.87.fna
[2024-02-19 14:09:23] INFO: /home/projects-wrighton/EMERGE/projects/methylated_amine_synthesis/Cross_site_methanogen_db/PPR_1022_P8D_M_E_Control4_Day30_megahit_bin.25	PPR_1022_P8D_M_E_Control4_Day30_megahit_bin.25.fna
[2024-02-19 14:09:23] INFO: /home/projects-wrighton/EMERGE/projects/methylated_amine_synthesis/Cross_site_methanogen_db/PPR_1022_P8D_M_E_Control4_Day30_megahit_bin.5	PPR_1022_P8D_M_E_Control4_Day30_megahit_bin.5.fna
[2024-02-19 14:09:23] INFO: /home/projects-wrighton/EMERGE/projects/methylated_amine_synthesis/Cross_site_methanogen_db/PPR_1022_P8D_M_E_Formate2_Day30_megahit_bin.13	PPR_1022_P8D_M_E_Formate2_Day30_megahit_bin.13.fna
[2024-02-19 14:09:23] INFO: /home/projects-wrighton/EMERGE/projects/methylated_amine_synthesis/Cross_site_methanogen_db/PPR_1022_P8D_M_E_Formate2_Day30_megahit_bin.4	PPR_1022_P8D_M_E_Formate2_Day30_megahit_bin.4.fna
[2024-02-19 14:09:23] INFO: /home/projects-wrighton/EMERGE/projects/methylated_amine_synthesis/Cross_site_methanogen_db/PPR_1022_P8D_M_E_Methanol3_Day30_IS1_megahit_bin.2	PPR_1022_P8D_M_E_Methanol3_Day30_IS1_megahit_bin.2.fna
[2024-02-19 14:09:23] INFO: /home/projects-wrighton/EMERGE/projects/methylated_amine_synthesis/Cross_site_methanogen_db/PPR_1022_P8D_M_E_Methanol3_Day30_megahit_bin.37	PPR_1022_P8D_M_E_Methanol3_Day30_megahit_bin.37.fna
[2024-02-19 14:09:23] INFO: /home/projects-wrighton/EMERGE/projects/methylated_amine_synthesis/Cross_site_methanogen_db/PPR_1022_P8D_M_E_Methanol3_Day30_megahit_bin.43	PPR_1022_P8D_M_E_Methanol3_Day30_megahit_bin.43.fna
[2024-02-19 14:09:23] INFO: /home/projects-wrighton/EMERGE/projects/methylated_amine_synthesis/Cross_site_methanogen_db/PPR_2015_bin.308	PPR_2015_bin.308.fna
[2024-02-19 14:09:23] INFO: /home/projects-wrighton/EMERGE/projects/methylated_amine_synthesis/Cross_site_methanogen_db/PPR_2015_metabat2.147	PPR_2015_metabat2.147.fna
[2024-02-19 14:09:23] INFO: /home/projects-wrighton/EMERGE/projects/methylated_amine_synthesis/Cross_site_methanogen_db/Su22_1845_C_D90_A_bin.94	Su22_1845_C_D90_A_bin.94.fna
[2024-02-19 14:09:23] INFO: /home/projects-wrighton/EMERGE/projects/methylated_amine_synthesis/Cross_site_methanogen_db/Su22_1845_C_D90_Am_bin.168	Su22_1845_C_D90_Am_bin.168.fna
[2024-02-19 14:09:23] INFO: /home/projects-wrighton/EMERGE/projects/methylated_amine_synthesis/Cross_site_methanogen_db/Su22_1853_A_D90_Am_bin.197	Su22_1853_A_D90_Am_bin.197.fna
[2024-02-19 14:09:23] INFO: /home/projects-wrighton/EMERGE/projects/methylated_amine_synthesis/Cross_site_methanogen_db/Su22_1853_A_D90_Am_bin.234	Su22_1853_A_D90_Am_bin.234.fna
[2024-02-19 14:09:23] INFO: /home/projects-wrighton/EMERGE/projects/methylated_amine_synthesis/Cross_site_methanogen_db/Su22_1856_I_D90_A_bin.493	Su22_1856_I_D90_A_bin.493.fna
[2024-02-19 14:09:23] INFO: /home/projects-wrighton/EMERGE/projects/methylated_amine_synthesis/Cross_site_methanogen_db/Su22_1856_I_D90_Am_bin.41	Su22_1856_I_D90_Am_bin.41.fna
[2024-02-19 14:09:23] INFO: /home/projects-wrighton/EMERGE/projects/methylated_amine_synthesis/Cross_site_methanogen_db/Su22_1856_I_D90_Am_bin.578	Su22_1856_I_D90_Am_bin.578.fna
[2024-02-19 14:09:23] INFO: /home/projects-wrighton/EMERGE/projects/methylated_amine_synthesis/Cross_site_methanogen_db/Su22_1856_I_D90_E_bin.152	Su22_1856_I_D90_E_bin.152.fna
[2024-02-19 14:09:23] INFO: /home/projects-wrighton/EMERGE/projects/methylated_amine_synthesis/Cross_site_methanogen_db/Su22_1894_T_D90_A_bin.224	Su22_1894_T_D90_A_bin.224.fna
[2024-02-19 14:09:23] INFO: /home/projects-wrighton/EMERGE/projects/methylated_amine_synthesis/Cross_site_methanogen_db/Su22_1894_T_D90_A_bin.232	Su22_1894_T_D90_A_bin.232.fna
[2024-02-19 14:09:23] INFO: /home/projects-wrighton/EMERGE/projects/methylated_amine_synthesis/Cross_site_methanogen_db/Su22_1894_T_D90_A_bin.77	Su22_1894_T_D90_A_bin.77.fna
[2024-02-19 14:09:23] INFO: /home/projects-wrighton/EMERGE/projects/methylated_amine_synthesis/Cross_site_methanogen_db/Su22_1894_T_D90_Am_bin.233	Su22_1894_T_D90_Am_bin.233.fna
[2024-02-19 14:09:23] INFO: /home/projects-wrighton/EMERGE/projects/methylated_amine_synthesis/Cross_site_methanogen_db/Su22_1894_T_D90_Am_bin.31	Su22_1894_T_D90_Am_bin.31.fna
[2024-02-19 14:09:23] INFO: /home/projects-wrighton/EMERGE/projects/methylated_amine_synthesis/Cross_site_methanogen_db/Su22_1894_T_D90_Am_bin.347	Su22_1894_T_D90_Am_bin.347.fna
[2024-02-19 14:09:23] INFO: /home/projects-wrighton/EMERGE/projects/methylated_amine_synthesis/Cross_site_methanogen_db/Su22_1894_T_D90_Am_bin.82	Su22_1894_T_D90_Am_bin.82.fna
[2024-02-19 14:09:23] INFO: /home/projects-wrighton/EMERGE/projects/methylated_amine_synthesis/Cross_site_methanogen_db/Su22_1894_T_D90_D_bin.235	Su22_1894_T_D90_D_bin.235.fna
[2024-02-19 14:09:23] INFO: /home/projects-wrighton/EMERGE/projects/methylated_amine_synthesis/Cross_site_methanogen_db/Yojoa_06_2019_B_hypo_B_bin.166	Yojoa_06_2019_B_hypo_B_bin.166.fna
[2024-02-19 14:09:23] INFO: /home/projects-wrighton/EMERGE/projects/methylated_amine_synthesis/Cross_site_methanogen_db/Yojoa_06_2019_B_hypo_B_bin.19	Yojoa_06_2019_B_hypo_B_bin.19.fna
[2024-02-19 14:09:23] INFO: /home/projects-wrighton/EMERGE/projects/methylated_amine_synthesis/Cross_site_methanogen_db/Yojoa_06_2019_Q_hypo_A_bin.111	Yojoa_06_2019_Q_hypo_A_bin.111.fna
[2024-02-19 14:09:23] INFO: /home/projects-wrighton/EMERGE/projects/methylated_amine_synthesis/Cross_site_methanogen_db/Yojoa_06_2019_Q_hypo_A_bin.114	Yojoa_06_2019_Q_hypo_A_bin.114.fna
[2024-02-19 14:09:23] INFO: /home/projects-wrighton/EMERGE/projects/methylated_amine_synthesis/Cross_site_methanogen_db/Yojoa_06_2019_Q_hypo_A_bin.137	Yojoa_06_2019_Q_hypo_A_bin.137.fna
[2024-02-19 14:09:23] INFO: /home/projects-wrighton/EMERGE/projects/methylated_amine_synthesis/Cross_site_methanogen_db/Yojoa_06_2019_Q_hypo_A_bin.59	Yojoa_06_2019_Q_hypo_A_bin.59.fna
[2024-02-19 14:09:23] INFO: /home/projects-wrighton/EMERGE/projects/methylated_amine_synthesis/Cross_site_methanogen_db/Yojoa_06_2019_Q_hypo_A_bin.78	Yojoa_06_2019_Q_hypo_A_bin.78.fna
[2024-02-19 14:09:23] INFO: /home/projects-wrighton/EMERGE/projects/methylated_amine_synthesis/Cross_site_methanogen_db/Yojoa_06_2019_Q_hypo_AN_bin.39	Yojoa_06_2019_Q_hypo_AN_bin.39.fna
[2024-02-19 14:09:23] INFO: /home/projects-wrighton/EMERGE/projects/methylated_amine_synthesis/Cross_site_methanogen_db/Yojoa_06_2021_B_hypo_A_bin.99	Yojoa_06_2021_B_hypo_A_bin.99.fna
[2024-02-19 14:09:23] INFO: /home/projects-wrighton/EMERGE/projects/methylated_amine_synthesis/Cross_site_methanogen_db/Yojoa_06_2021_R_hypo_A_bin.106	Yojoa_06_2021_R_hypo_A_bin.106.fna
[2024-02-19 14:09:23] INFO: /home/projects-wrighton/EMERGE/projects/methylated_amine_synthesis/Cross_site_methanogen_db/Yojoa_06_2021_R_hypo_K_bin.10	Yojoa_06_2021_R_hypo_K_bin.10.fna
