[2024-02-19 14:09:23] INFO: GTDB-Tk v2.3.0
[2024-02-19 14:09:23] INFO: gtdbtk de_novo_wf --archaea --batchfile batchfile.tsv --skip_gtdb_refs --custom_taxonomy_file classification_wOutgroup.txt --outgroup_taxon p__Undinarchaeota --out_dir archaea --cpus 15
[2024-02-19 14:09:23] INFO: Using GTDB-Tk reference data version r214: /home/opt/gtdbtk/data/release214/
[2024-02-19 14:09:23] ERROR: There are 523 paths in the batchfile which do not exist, see gtdbtk.warnings.log
[2024-02-19 14:09:23] ERROR: Controlled exit resulting from an unrecoverable error or warning.
[2024-02-19 14:11:56] INFO: GTDB-Tk v2.3.0
[2024-02-19 14:11:56] INFO: gtdbtk de_novo_wf --archaea --batchfile batchfile.tsv --skip_gtdb_refs --custom_taxonomy_file classification_wOutgroup.txt --outgroup_taxon p__Undinarchaeota --out_dir archaea --cpus 15
[2024-02-19 14:11:56] INFO: Using GTDB-Tk reference data version r214: /home/opt/gtdbtk/data/release214/
[2024-02-19 14:11:56] INFO: Identifying markers in 523 genomes with 15 threads.
[2024-02-19 14:11:57] TASK: Running Prodigal V2.6.3 to identify genes.
[2024-02-19 14:17:59] INFO: Completed 523 genomes in 6.03 minutes (86.70 genomes/minute).
[2024-02-19 14:17:59] TASK: Identifying TIGRFAM protein families.
[2024-02-19 14:21:26] INFO: Completed 523 genomes in 3.46 minutes (151.07 genomes/minute).
[2024-02-19 14:21:26] TASK: Identifying Pfam protein families.
[2024-02-19 14:21:38] INFO: Completed 523 genomes in 11.76 seconds (44.48 genomes/second).
[2024-02-19 14:21:38] INFO: Annotations done using HMMER 3.3 (Nov 2019).
[2024-02-19 14:21:38] TASK: Summarising identified marker genes.
[2024-02-19 14:21:49] INFO: Completed 523 genomes in 10.31 seconds (50.74 genomes/second).
[2024-02-19 14:21:49] INFO: Done.
[2024-02-19 14:21:50] INFO: Aligning markers in 523 genomes with 15 CPUs.
[2024-02-19 14:21:50] INFO: Processing 523 genomes identified as archaeal.
[2024-02-19 14:21:50] TASK: Generating concatenated alignment for each marker.
[2024-02-19 14:21:51] INFO: Completed 523 genomes in 0.85 seconds (614.07 genomes/second).
[2024-02-19 14:21:51] TASK: Aligning 53 identified markers using hmmalign 3.3 (Nov 2019).
[2024-02-19 14:22:14] INFO: Completed 53 markers in 22.53 seconds (2.35 markers/second).
[2024-02-19 14:22:14] TASK: Masking columns of archaeal multiple sequence alignment using canonical mask.
[2024-02-19 14:22:15] INFO: Completed 523 sequences in 0.60 seconds (868.51 sequences/second).
[2024-02-19 14:22:15] INFO: Masked archaeal alignment from 13,540 to 10,135 AAs.
[2024-02-19 14:22:15] INFO: 0 archaeal user genomes have amino acids in <10.0% of columns in filtered MSA.
[2024-02-19 14:22:15] INFO: Creating concatenated alignment for 523 archaeal user genomes.
[2024-02-19 14:22:15] INFO: Done.
[2024-02-19 14:22:15] INFO: Inferring FastTree (WAG, SH support values) using a maximum of 15 CPUs.
[2024-02-19 14:29:47] INFO: FastTree version: (version unavailable)
[2024-02-19 14:29:47] INFO: Done.
[2024-02-19 14:29:47] INFO: Reading GTDB taxonomy for representative genomes.
[2024-02-19 14:29:47] INFO: Reading custom taxonomy file.
[2024-02-19 14:29:47] INFO: Read custom taxonomy for 523 genomes.
[2024-02-19 14:29:47] INFO: Reassigned taxonomy for 0 GTDB representative genomes.
[2024-02-19 14:29:47] INFO: Read taxonomy for 85,728 genomes.
[2024-02-19 14:29:47] INFO: Identifying genomes from the specified outgroup: p__Undinarchaeota
[2024-02-19 14:29:47] INFO: Identified 1 outgroup taxa in the tree.
[2024-02-19 14:29:47] INFO: Identified 522 ingroup taxa in the tree.
[2024-02-19 14:29:48] INFO: Outgroup is monophyletic.
[2024-02-19 14:29:48] INFO: Rerooting tree.
[2024-02-19 14:29:48] INFO: Rerooted tree written to: archaea/infer/intermediate_results/gtdbtk.ar53.rooted.tree
[2024-02-19 14:29:48] INFO: Done.
[2024-02-19 14:29:48] INFO: Reading GTDB taxonomy for representative genomes.
[2024-02-19 14:29:48] INFO: Reading custom taxonomy file.
[2024-02-19 14:29:48] INFO: Read custom taxonomy for 523 genomes.
[2024-02-19 14:29:48] INFO: Reassigned taxonomy for 0 GTDB representative genomes.
[2024-02-19 14:29:48] INFO: Read taxonomy for 85,728 genomes.
[2024-02-19 14:29:48] INFO: Reading tree.
[2024-02-19 14:29:48] INFO: Removing any previous internal node labels.
[2024-02-19 14:29:48] INFO: Calculating F-measure statistic for each taxa.
[2024-02-19 14:29:48] INFO: Calculating taxa within each lineage.
[2024-02-19 14:29:48] INFO: Processing 1 taxa at Domain rank.
[2024-02-19 14:29:48] INFO: Processing 6 taxa at Phylum rank.
[2024-02-19 14:29:48] INFO: Processing 8 taxa at Class rank.
[2024-02-19 14:29:48] INFO: Processing 9 taxa at Order rank.
[2024-02-19 14:29:48] INFO: Processing 15 taxa at Family rank.
[2024-02-19 14:29:48] INFO: Processing 28 taxa at Genus rank.
[2024-02-19 14:29:48] INFO: Processing 28 taxa at Species rank.
[2024-02-19 14:29:48] WARNING: There are 19 taxa with multiple placements of equal quality.
[2024-02-19 14:29:48] WARNING: These were resolved by placing the label at the most terminal position.
[2024-02-19 14:29:48] WARNING: Ideally, taxonomic assignment of all genomes should be established before tree decoration.
[2024-02-19 14:29:48] INFO: Placing labels on tree.
[2024-02-19 14:29:48] INFO: Writing out statistics for taxa.
[2024-02-19 14:29:48] INFO: Writing out inferred taxonomy for each genome.
[2024-02-19 14:29:48] INFO: Writing out decorated tree.
[2024-02-19 14:29:48] INFO: Done.
[2024-02-19 14:29:48] INFO: Done.
[2024-02-19 14:29:48] INFO: Removing intermediate files.
[2024-02-19 14:29:55] INFO: Intermediate files removed.
[2024-02-19 14:29:55] INFO: Done.
