FastTree Version 2.1.10 SSE3, OpenMP (15 threads)
Alignment: /tmp/gtdbtk_sjb0j02n/gtdbtk.ar53.user_msa.fasta
Amino acid distances: BLOSUM45 Joins: balanced Support: SH-like 1000
Search: Normal +NNI +SPR (2 rounds range 10) +ML-NNI opt-each=1
TopHits: 1.00*sqrtN close=default refresh=0.80
ML Model: Whelan-And-Goldman, CAT approximation with 20 rate categories
Ignored unknown character X (seen 252 times)
      0.18 seconds: Top hits for      0 of    517 seqs (at seed    100)
      1.02 seconds: Checking top hits for      1 of    517 seqs
      6.32 seconds: Joined    100 of    514
     11.35 seconds: Joined    200 of    514
     16.96 seconds: Joined    300 of    514
     22.03 seconds: Joined    400 of    514
     26.55 seconds: Joined    500 of    514
Initial topology in 27.06 seconds
Refining topology: 36 rounds ME-NNIs, 2 rounds ME-SPRs, 18 rounds ML-NNIs
     27.05 seconds: ME NNI round 1 of 36, 1 of 515 splits
     27.21 seconds: ME NNI round 1 of 36, 101 of 515 splits, 21 changes (max delta 0.018)
     27.34 seconds: ME NNI round 1 of 36, 201 of 515 splits, 43 changes (max delta 0.018)
     27.47 seconds: ME NNI round 1 of 36, 301 of 515 splits, 69 changes (max delta 0.018)
     27.62 seconds: ME NNI round 1 of 36, 401 of 515 splits, 124 changes (max delta 0.022)
     27.74 seconds: ME NNI round 2 of 36, 1 of 515 splits
     27.84 seconds: ME NNI round 2 of 36, 101 of 515 splits, 7 changes (max delta 0.011)
     27.96 seconds: ME NNI round 2 of 36, 201 of 515 splits, 17 changes (max delta 0.014)
     28.08 seconds: ME NNI round 2 of 36, 301 of 515 splits, 30 changes (max delta 0.015)
     28.21 seconds: ME NNI round 2 of 36, 401 of 515 splits, 63 changes (max delta 0.015)
     28.32 seconds: ME NNI round 2 of 36, 501 of 515 splits, 78 changes (max delta 0.015)
     28.45 seconds: ME NNI round 3 of 36, 101 of 515 splits, 5 changes (max delta 0.001)
     28.58 seconds: ME NNI round 3 of 36, 201 of 515 splits, 20 changes (max delta 0.007)
     28.72 seconds: ME NNI round 3 of 36, 301 of 515 splits, 44 changes (max delta 0.007)
     28.83 seconds: ME NNI round 4 of 36, 1 of 515 splits
     28.95 seconds: ME NNI round 4 of 36, 101 of 515 splits, 5 changes (max delta 0.002)
     29.08 seconds: ME NNI round 4 of 36, 201 of 515 splits, 29 changes (max delta 0.002)
     29.29 seconds: ME NNI round 5 of 36, 101 of 515 splits, 10 changes (max delta 0.001)
     29.41 seconds: ME NNI round 5 of 36, 201 of 515 splits, 30 changes (max delta 0.007)
     29.59 seconds: ME NNI round 6 of 36, 101 of 515 splits, 11 changes (max delta 0.002)
     29.81 seconds: ME NNI round 7 of 36, 101 of 515 splits, 11 changes (max delta 0.001)
     30.01 seconds: ME NNI round 8 of 36, 101 of 515 splits, 8 changes (max delta 0.000)
     30.17 seconds: ME NNI round 9 of 36, 101 of 515 splits, 4 changes (max delta 0.000)
     30.31 seconds: ME NNI round 11 of 36, 1 of 515 splits
     30.49 seconds: SPR round   1 of   2, 1 of 1032 nodes
     31.92 seconds: SPR round   1 of   2, 101 of 1032 nodes
     33.72 seconds: SPR round   1 of   2, 201 of 1032 nodes
     35.51 seconds: SPR round   1 of   2, 301 of 1032 nodes
     37.08 seconds: SPR round   1 of   2, 401 of 1032 nodes
     39.06 seconds: SPR round   1 of   2, 501 of 1032 nodes
     40.80 seconds: SPR round   1 of   2, 601 of 1032 nodes
     42.25 seconds: SPR round   1 of   2, 701 of 1032 nodes
     43.59 seconds: SPR round   1 of   2, 801 of 1032 nodes
     45.09 seconds: SPR round   1 of   2, 901 of 1032 nodes
     46.77 seconds: SPR round   1 of   2, 1001 of 1032 nodes
     47.26 seconds: ME NNI round 13 of 36, 1 of 515 splits
     47.37 seconds: ME NNI round 13 of 36, 101 of 515 splits, 1 changes (max delta 0.000)
     47.51 seconds: ME NNI round 13 of 36, 201 of 515 splits, 1 changes (max delta 0.000)
     47.63 seconds: ME NNI round 13 of 36, 301 of 515 splits, 5 changes (max delta 0.014)
     47.75 seconds: ME NNI round 13 of 36, 401 of 515 splits, 8 changes (max delta 0.014)
     47.86 seconds: ME NNI round 13 of 36, 501 of 515 splits, 10 changes (max delta 0.014)
     47.98 seconds: ME NNI round 14 of 36, 101 of 515 splits, 0 changes
     48.11 seconds: ME NNI round 14 of 36, 201 of 515 splits, 0 changes
     48.23 seconds: ME NNI round 14 of 36, 301 of 515 splits, 0 changes
     48.36 seconds: ME NNI round 14 of 36, 401 of 515 splits, 1 changes (max delta 0.000)
     48.46 seconds: ME NNI round 14 of 36, 501 of 515 splits, 2 changes (max delta 0.000)
     48.60 seconds: ME NNI round 15 of 36, 101 of 515 splits, 5 changes (max delta 0.000)
     48.71 seconds: ME NNI round 17 of 36, 1 of 515 splits
     50.28 seconds: SPR round   2 of   2, 101 of 1032 nodes
     51.94 seconds: SPR round   2 of   2, 201 of 1032 nodes
     53.50 seconds: SPR round   2 of   2, 301 of 1032 nodes
     55.58 seconds: SPR round   2 of   2, 401 of 1032 nodes
     56.93 seconds: SPR round   2 of   2, 501 of 1032 nodes
     58.81 seconds: SPR round   2 of   2, 601 of 1032 nodes
     60.46 seconds: SPR round   2 of   2, 701 of 1032 nodes
     62.06 seconds: SPR round   2 of   2, 801 of 1032 nodes
     63.41 seconds: SPR round   2 of   2, 901 of 1032 nodes
     64.90 seconds: SPR round   2 of   2, 1001 of 1032 nodes
     65.31 seconds: ME NNI round 25 of 36, 1 of 515 splits
     65.42 seconds: ME NNI round 25 of 36, 101 of 515 splits, 1 changes (max delta 0.000)
     65.54 seconds: ME NNI round 25 of 36, 201 of 515 splits, 1 changes (max delta 0.000)
     65.66 seconds: ME NNI round 25 of 36, 301 of 515 splits, 2 changes (max delta 0.000)
     65.78 seconds: ME NNI round 25 of 36, 401 of 515 splits, 2 changes (max delta 0.000)
     65.89 seconds: ME NNI round 26 of 36, 1 of 515 splits
     66.00 seconds: ME NNI round 26 of 36, 101 of 515 splits, 1 changes (max delta 0.001)
     66.12 seconds: ME NNI round 26 of 36, 201 of 515 splits, 1 changes (max delta 0.001)
     66.25 seconds: ME NNI round 26 of 36, 301 of 515 splits, 1 changes (max delta 0.001)
     66.37 seconds: ME NNI round 26 of 36, 401 of 515 splits, 1 changes (max delta 0.001)
     66.48 seconds: ME NNI round 26 of 36, 501 of 515 splits, 1 changes (max delta 0.001)
     66.58 seconds: ME NNI round 28 of 36, 1 of 515 splits
Total branch-length 11.258 after 67.43 sec
     67.49 seconds: ML Lengths 1 of 515 splits
     70.59 seconds: ML Lengths 101 of 515 splits
     73.67 seconds: ML Lengths 201 of 515 splits
     76.72 seconds: ML Lengths 301 of 515 splits
     79.68 seconds: ML Lengths 401 of 515 splits
     82.53 seconds: ML Lengths 501 of 515 splits
     83.00 seconds: ML NNI round 1 of 18, 1 of 515 splits
     96.39 seconds: ML NNI round 1 of 18, 101 of 515 splits, 28 changes (max delta 115.668)
    108.96 seconds: ML NNI round 1 of 18, 201 of 515 splits, 49 changes (max delta 115.668)
    120.49 seconds: ML NNI round 1 of 18, 301 of 515 splits, 85 changes (max delta 115.668)
    131.22 seconds: ML NNI round 1 of 18, 401 of 515 splits, 114 changes (max delta 115.668)
    141.63 seconds: ML NNI round 1 of 18, 501 of 515 splits, 147 changes (max delta 115.668)
ML-NNI round 1: LogLk = -631282.118 NNIs 156 max delta 115.67 Time 143.66
    145.33 seconds: Site likelihoods with rate category 1 of 20
    147.21 seconds: Site likelihoods with rate category 2 of 20
    148.86 seconds: Site likelihoods with rate category 3 of 20
    150.50 seconds: Site likelihoods with rate category 4 of 20
    152.46 seconds: Site likelihoods with rate category 5 of 20
    154.09 seconds: Site likelihoods with rate category 6 of 20
    155.96 seconds: Site likelihoods with rate category 7 of 20
    157.70 seconds: Site likelihoods with rate category 8 of 20
    159.39 seconds: Site likelihoods with rate category 9 of 20
    161.25 seconds: Site likelihoods with rate category 10 of 20
    162.94 seconds: Site likelihoods with rate category 11 of 20
    164.56 seconds: Site likelihoods with rate category 12 of 20
    166.25 seconds: Site likelihoods with rate category 13 of 20
    167.92 seconds: Site likelihoods with rate category 14 of 20
    169.53 seconds: Site likelihoods with rate category 15 of 20
    171.13 seconds: Site likelihoods with rate category 16 of 20
    172.83 seconds: Site likelihoods with rate category 17 of 20
    174.44 seconds: Site likelihoods with rate category 18 of 20
    176.04 seconds: Site likelihoods with rate category 19 of 20
    177.72 seconds: Site likelihoods with rate category 20 of 20
Switched to using 20 rate categories (CAT approximation)
Rate categories were divided by 0.966 so that average rate = 1.0
CAT-based log-likelihoods may not be comparable across runs
Use -gamma for approximate but comparable Gamma(20) log-likelihoods
    180.74 seconds: ML NNI round 2 of 18, 1 of 515 splits
    190.48 seconds: ML NNI round 2 of 18, 101 of 515 splits, 21 changes (max delta 26.417)
    200.16 seconds: ML NNI round 2 of 18, 201 of 515 splits, 29 changes (max delta 75.222)
    208.93 seconds: ML NNI round 2 of 18, 301 of 515 splits, 39 changes (max delta 122.628)
    215.57 seconds: ML NNI round 2 of 18, 401 of 515 splits, 58 changes (max delta 122.628)
    222.62 seconds: ML NNI round 2 of 18, 501 of 515 splits, 79 changes (max delta 122.628)
ML-NNI round 2: LogLk = -583025.328 NNIs 82 max delta 122.63 Time 223.92
    223.91 seconds: ML NNI round 3 of 18, 1 of 515 splits
    231.73 seconds: ML NNI round 3 of 18, 101 of 515 splits, 18 changes (max delta 8.643)
    238.70 seconds: ML NNI round 3 of 18, 201 of 515 splits, 23 changes (max delta 38.139)
    246.17 seconds: ML NNI round 3 of 18, 301 of 515 splits, 40 changes (max delta 38.139)
    253.47 seconds: ML NNI round 3 of 18, 401 of 515 splits, 51 changes (max delta 38.139)
ML-NNI round 3: LogLk = -582847.909 NNIs 58 max delta 38.14 Time 255.56
    255.56 seconds: ML NNI round 4 of 18, 1 of 515 splits
    262.54 seconds: ML NNI round 4 of 18, 101 of 515 splits, 10 changes (max delta 13.614)
    270.22 seconds: ML NNI round 4 of 18, 201 of 515 splits, 19 changes (max delta 13.614)
    278.74 seconds: ML NNI round 4 of 18, 301 of 515 splits, 33 changes (max delta 13.614)
ML-NNI round 4: LogLk = -582790.796 NNIs 38 max delta 13.61 Time 280.55
    280.55 seconds: ML NNI round 5 of 18, 1 of 515 splits
    290.66 seconds: ML NNI round 5 of 18, 101 of 515 splits, 11 changes (max delta 2.828)
    298.03 seconds: ML NNI round 5 of 18, 201 of 515 splits, 19 changes (max delta 6.060)
ML-NNI round 5: LogLk = -582776.004 NNIs 27 max delta 6.06 Time 303.52
    303.51 seconds: ML NNI round 6 of 18, 1 of 515 splits
    310.99 seconds: ML NNI round 6 of 18, 101 of 515 splits, 7 changes (max delta 4.228)
    318.04 seconds: ML NNI round 6 of 18, 201 of 515 splits, 18 changes (max delta 4.228)
ML-NNI round 6: LogLk = -582766.151 NNIs 21 max delta 4.23 Time 318.89
    318.88 seconds: ML NNI round 7 of 18, 1 of 515 splits
    327.51 seconds: ML NNI round 7 of 18, 101 of 515 splits, 11 changes (max delta 10.046)
ML-NNI round 7: LogLk = -582755.623 NNIs 16 max delta 10.05 Time 333.36
    333.36 seconds: ML NNI round 8 of 18, 1 of 515 splits
    342.76 seconds: ML NNI round 8 of 18, 101 of 515 splits, 8 changes (max delta 0.617)
ML-NNI round 8: LogLk = -582755.757 NNIs 15 max delta 0.62 Time 346.95
Turning off heuristics for final round of ML NNIs (converged)
    346.94 seconds: ML NNI round 9 of 18, 1 of 515 splits
    355.61 seconds: ML NNI round 9 of 18, 101 of 515 splits, 5 changes (max delta 0.184)
    364.79 seconds: ML NNI round 9 of 18, 201 of 515 splits, 6 changes (max delta 0.399)
    373.29 seconds: ML NNI round 9 of 18, 301 of 515 splits, 7 changes (max delta 0.399)
    380.19 seconds: ML NNI round 9 of 18, 401 of 515 splits, 14 changes (max delta 0.658)
    387.45 seconds: ML NNI round 9 of 18, 501 of 515 splits, 18 changes (max delta 0.719)
ML-NNI round 9: LogLk = -582753.516 NNIs 20 max delta 0.72 Time 389.03 (final)
    389.02 seconds: ML Lengths 1 of 515 splits
    392.24 seconds: ML Lengths 101 of 515 splits
    395.49 seconds: ML Lengths 201 of 515 splits
    398.69 seconds: ML Lengths 301 of 515 splits
    401.86 seconds: ML Lengths 401 of 515 splits
    404.95 seconds: ML Lengths 501 of 515 splits
Optimize all lengths: LogLk = -582753.418 Time 405.58
    414.90 seconds: ML split tests for    100 of    514 internal splits
    424.29 seconds: ML split tests for    200 of    514 internal splits
    433.75 seconds: ML split tests for    300 of    514 internal splits
    442.77 seconds: ML split tests for    400 of    514 internal splits
    450.90 seconds: ML split tests for    500 of    514 internal splits
Total time: 452.08 seconds Unique: 517/523 Bad splits: 7/514 Worst delta-LogLk 0.741
